{"D:\\Portal\\Prog\\cleanCall\\backend\\src\\app.ts": {"path":"D:\\Portal\\Prog\\cleanCall\\backend\\src\\app.ts","all":false,"statementMap":{"0":{"start":{"line":1,"column":0},"end":{"line":1,"column":60}},"1":{"start":{"line":2,"column":0},"end":{"line":2,"column":77}},"2":{"start":{"line":3,"column":0},"end":{"line":3,"column":61}},"3":{"start":{"line":4,"column":0},"end":{"line":4,"column":68}},"4":{"start":{"line":5,"column":0},"end":{"line":5,"column":49}},"5":{"start":{"line":6,"column":0},"end":{"line":6,"column":0}},"6":{"start":{"line":7,"column":0},"end":{"line":7,"column":35}},"7":{"start":{"line":8,"column":0},"end":{"line":8,"column":0}},"8":{"start":{"line":9,"column":0},"end":{"line":9,"column":32}},"9":{"start":{"line":10,"column":0},"end":{"line":10,"column":16}},"10":{"start":{"line":11,"column":0},"end":{"line":11,"column":0}},"11":{"start":{"line":12,"column":0},"end":{"line":12,"column":14}},"12":{"start":{"line":13,"column":0},"end":{"line":13,"column":42}},"13":{"start":{"line":14,"column":0},"end":{"line":14,"column":18}},"14":{"start":{"line":15,"column":0},"end":{"line":15,"column":0}},"15":{"start":{"line":16,"column":0},"end":{"line":16,"column":10}},"16":{"start":{"line":17,"column":0},"end":{"line":17,"column":0}},"17":{"start":{"line":18,"column":0},"end":{"line":18,"column":28}},"18":{"start":{"line":19,"column":0},"end":{"line":19,"column":9}},"19":{"start":{"line":20,"column":0},"end":{"line":20,"column":3}},"20":{"start":{"line":21,"column":0},"end":{"line":21,"column":22}},"21":{"start":{"line":22,"column":0},"end":{"line":22,"column":16}},"22":{"start":{"line":23,"column":0},"end":{"line":23,"column":17}},"23":{"start":{"line":24,"column":0},"end":{"line":24,"column":22}},"24":{"start":{"line":25,"column":0},"end":{"line":25,"column":8}},"25":{"start":{"line":26,"column":0},"end":{"line":26,"column":28}},"26":{"start":{"line":27,"column":0},"end":{"line":27,"column":14}},"27":{"start":{"line":28,"column":0},"end":{"line":28,"column":26}},"28":{"start":{"line":29,"column":0},"end":{"line":29,"column":56}},"29":{"start":{"line":30,"column":0},"end":{"line":30,"column":0}},"30":{"start":{"line":31,"column":0},"end":{"line":31,"column":9}},"31":{"start":{"line":32,"column":0},"end":{"line":32,"column":4}},"32":{"start":{"line":33,"column":0},"end":{"line":33,"column":2}},"33":{"start":{"line":34,"column":0},"end":{"line":34,"column":0}},"34":{"start":{"line":35,"column":0},"end":{"line":35,"column":11}},"35":{"start":{"line":36,"column":0},"end":{"line":36,"column":35}},"36":{"start":{"line":37,"column":0},"end":{"line":37,"column":0}},"37":{"start":{"line":38,"column":0},"end":{"line":38,"column":25}},"38":{"start":{"line":39,"column":0},"end":{"line":39,"column":9}},"39":{"start":{"line":40,"column":0},"end":{"line":40,"column":3}},"40":{"start":{"line":41,"column":0},"end":{"line":41,"column":22}},"41":{"start":{"line":42,"column":0},"end":{"line":42,"column":16}},"42":{"start":{"line":43,"column":0},"end":{"line":43,"column":17}},"43":{"start":{"line":44,"column":0},"end":{"line":44,"column":22}},"44":{"start":{"line":45,"column":0},"end":{"line":45,"column":8}},"45":{"start":{"line":46,"column":0},"end":{"line":46,"column":31}},"46":{"start":{"line":47,"column":0},"end":{"line":47,"column":27}},"47":{"start":{"line":48,"column":0},"end":{"line":48,"column":34}},"48":{"start":{"line":49,"column":0},"end":{"line":49,"column":23}},"49":{"start":{"line":50,"column":0},"end":{"line":50,"column":28}},"50":{"start":{"line":51,"column":0},"end":{"line":51,"column":7}},"51":{"start":{"line":52,"column":0},"end":{"line":52,"column":19}},"52":{"start":{"line":53,"column":0},"end":{"line":53,"column":34}},"53":{"start":{"line":54,"column":0},"end":{"line":54,"column":23}},"54":{"start":{"line":55,"column":0},"end":{"line":55,"column":20}},"55":{"start":{"line":56,"column":0},"end":{"line":56,"column":7}},"56":{"start":{"line":57,"column":0},"end":{"line":57,"column":12}},"57":{"start":{"line":58,"column":0},"end":{"line":58,"column":34}},"58":{"start":{"line":59,"column":0},"end":{"line":59,"column":23}},"59":{"start":{"line":60,"column":0},"end":{"line":60,"column":47}},"60":{"start":{"line":61,"column":0},"end":{"line":61,"column":7}},"61":{"start":{"line":62,"column":0},"end":{"line":62,"column":4}},"62":{"start":{"line":63,"column":0},"end":{"line":63,"column":4}},"63":{"start":{"line":64,"column":0},"end":{"line":64,"column":2}},"64":{"start":{"line":65,"column":0},"end":{"line":65,"column":0}},"65":{"start":{"line":66,"column":0},"end":{"line":66,"column":19}},"66":{"start":{"line":67,"column":0},"end":{"line":67,"column":29}},"67":{"start":{"line":68,"column":0},"end":{"line":68,"column":53}},"68":{"start":{"line":69,"column":0},"end":{"line":69,"column":3}},"69":{"start":{"line":70,"column":0},"end":{"line":70,"column":0}},"70":{"start":{"line":71,"column":0},"end":{"line":71,"column":11}},"71":{"start":{"line":72,"column":0},"end":{"line":72,"column":1}}},"s":{"0":1,"1":1,"2":1,"3":1,"4":1,"5":1,"6":1,"7":1,"8":1,"9":1,"10":1,"11":1,"12":1,"13":1,"14":1,"15":1,"16":1,"17":1,"18":1,"19":1,"20":1,"21":0,"22":0,"23":0,"24":0,"25":0,"26":0,"27":0,"28":0,"29":0,"30":0,"31":0,"32":1,"33":1,"34":1,"35":1,"36":1,"37":1,"38":1,"39":1,"40":1,"41":0,"42":0,"43":0,"44":0,"45":0,"46":0,"47":0,"48":0,"49":0,"50":0,"51":0,"52":0,"53":0,"54":0,"55":0,"56":0,"57":0,"58":0,"59":0,"60":0,"61":0,"62":0,"63":1,"64":1,"65":1,"66":1,"67":0,"68":0,"69":1,"70":1,"71":1},"branchMap":{"0":{"type":"branch","line":9,"loc":{"start":{"line":9,"column":25},"end":{"line":72,"column":1}},"locations":[{"start":{"line":9,"column":25},"end":{"line":72,"column":1}}]},"1":{"type":"branch","line":72,"loc":{"start":{"line":72,"column":0},"end":{"line":72,"column":1}},"locations":[{"start":{"line":72,"column":0},"end":{"line":72,"column":1}}]}},"b":{"0":[1],"1":[1]},"fnMap":{"0":{"name":"get","decl":{"start":{"line":7,"column":34},"end":{"line":7,"column":35}},"loc":{"start":{"line":7,"column":34},"end":{"line":7,"column":35}},"line":7},"1":{"name":"createApp","decl":{"start":{"line":9,"column":25},"end":{"line":72,"column":1}},"loc":{"start":{"line":9,"column":25},"end":{"line":72,"column":1}},"line":9},"2":{"name":"get","decl":{"start":{"line":72,"column":0},"end":{"line":72,"column":1}},"loc":{"start":{"line":72,"column":0},"end":{"line":72,"column":1}},"line":72}},"f":{"0":0,"1":1,"2":1}}
,"D:\\Portal\\Prog\\cleanCall\\backend\\src\\config\\ENV_global.ts": {"path":"D:\\Portal\\Prog\\cleanCall\\backend\\src\\config\\ENV_global.ts","all":false,"statementMap":{"0":{"start":{"line":1,"column":0},"end":{"line":1,"column":14}},"1":{"start":{"line":2,"column":0},"end":{"line":2,"column":21}},"2":{"start":{"line":3,"column":0},"end":{"line":3,"column":21}},"3":{"start":{"line":4,"column":0},"end":{"line":4,"column":59}},"4":{"start":{"line":5,"column":0},"end":{"line":5,"column":15}},"5":{"start":{"line":6,"column":0},"end":{"line":6,"column":0}},"6":{"start":{"line":7,"column":0},"end":{"line":7,"column":44}},"7":{"start":{"line":8,"column":0},"end":{"line":8,"column":0}},"8":{"start":{"line":9,"column":0},"end":{"line":9,"column":36}}},"s":{"0":1,"1":1,"2":1,"3":1,"4":1,"5":1,"6":1,"7":1,"8":1},"branchMap":{"0":{"type":"branch","line":5,"loc":{"start":{"line":5,"column":12},"end":{"line":5,"column":15}},"locations":[{"start":{"line":5,"column":12},"end":{"line":5,"column":15}}]},"1":{"type":"branch","line":9,"loc":{"start":{"line":9,"column":34},"end":{"line":9,"column":36}},"locations":[{"start":{"line":9,"column":34},"end":{"line":9,"column":36}}]}},"b":{"0":[5],"1":[1]},"fnMap":{"0":{"name":"get","decl":{"start":{"line":5,"column":12},"end":{"line":5,"column":15}},"loc":{"start":{"line":5,"column":12},"end":{"line":5,"column":15}},"line":5},"1":{"name":"get","decl":{"start":{"line":7,"column":37},"end":{"line":7,"column":44}},"loc":{"start":{"line":7,"column":37},"end":{"line":7,"column":44}},"line":7},"2":{"name":"get","decl":{"start":{"line":9,"column":34},"end":{"line":9,"column":36}},"loc":{"start":{"line":9,"column":34},"end":{"line":9,"column":36}},"line":9}},"f":{"0":5,"1":0,"2":1}}
,"D:\\Portal\\Prog\\cleanCall\\backend\\src\\config\\ENV_mongo.ts": {"path":"D:\\Portal\\Prog\\cleanCall\\backend\\src\\config\\ENV_mongo.ts","all":false,"statementMap":{"0":{"start":{"line":1,"column":0},"end":{"line":1,"column":14}},"1":{"start":{"line":2,"column":0},"end":{"line":2,"column":29}},"2":{"start":{"line":3,"column":0},"end":{"line":3,"column":30}},"3":{"start":{"line":4,"column":0},"end":{"line":4,"column":29}},"4":{"start":{"line":5,"column":0},"end":{"line":5,"column":23}},"5":{"start":{"line":6,"column":0},"end":{"line":6,"column":29}},"6":{"start":{"line":7,"column":0},"end":{"line":7,"column":40}},"7":{"start":{"line":8,"column":0},"end":{"line":8,"column":91}},"8":{"start":{"line":9,"column":0},"end":{"line":9,"column":15}}},"s":{"0":1,"1":1,"2":1,"3":1,"4":1,"5":1,"6":1,"7":1,"8":1},"branchMap":{"0":{"type":"branch","line":9,"loc":{"start":{"line":9,"column":12},"end":{"line":9,"column":15}},"locations":[{"start":{"line":9,"column":12},"end":{"line":9,"column":15}}]}},"b":{"0":[1]},"fnMap":{"0":{"name":"get","decl":{"start":{"line":9,"column":12},"end":{"line":9,"column":15}},"loc":{"start":{"line":9,"column":12},"end":{"line":9,"column":15}},"line":9}},"f":{"0":1}}
,"D:\\Portal\\Prog\\cleanCall\\backend\\src\\core\\helpers.ts": {"path":"D:\\Portal\\Prog\\cleanCall\\backend\\src\\core\\helpers.ts","all":false,"statementMap":{"0":{"start":{"line":1,"column":0},"end":{"line":1,"column":0}},"1":{"start":{"line":2,"column":0},"end":{"line":2,"column":38}},"2":{"start":{"line":3,"column":0},"end":{"line":3,"column":30}},"3":{"start":{"line":4,"column":0},"end":{"line":4,"column":58}},"4":{"start":{"line":5,"column":0},"end":{"line":5,"column":6}},"5":{"start":{"line":6,"column":0},"end":{"line":6,"column":36}},"6":{"start":{"line":7,"column":0},"end":{"line":7,"column":6}},"7":{"start":{"line":8,"column":0},"end":{"line":8,"column":21}},"8":{"start":{"line":9,"column":0},"end":{"line":9,"column":6}},"9":{"start":{"line":10,"column":0},"end":{"line":10,"column":37}},"10":{"start":{"line":11,"column":0},"end":{"line":11,"column":6}},"11":{"start":{"line":12,"column":0},"end":{"line":12,"column":39}},"12":{"start":{"line":13,"column":0},"end":{"line":13,"column":6}},"13":{"start":{"line":14,"column":0},"end":{"line":14,"column":37}},"14":{"start":{"line":15,"column":0},"end":{"line":15,"column":14}},"15":{"start":{"line":16,"column":0},"end":{"line":16,"column":1}},"16":{"start":{"line":17,"column":0},"end":{"line":17,"column":0}},"17":{"start":{"line":18,"column":0},"end":{"line":18,"column":53}},"18":{"start":{"line":19,"column":0},"end":{"line":19,"column":34}},"19":{"start":{"line":20,"column":0},"end":{"line":20,"column":14}},"20":{"start":{"line":21,"column":0},"end":{"line":21,"column":9}},"21":{"start":{"line":22,"column":0},"end":{"line":22,"column":13}},"22":{"start":{"line":23,"column":0},"end":{"line":23,"column":2}},"23":{"start":{"line":24,"column":0},"end":{"line":24,"column":1}}},"s":{"0":1,"1":1,"2":6,"3":6,"4":6,"5":6,"6":6,"7":6,"8":6,"9":6,"10":6,"11":6,"12":6,"13":6,"14":6,"15":6,"16":1,"17":1,"18":90,"19":0,"20":90,"21":90,"22":90,"23":90},"branchMap":{"0":{"type":"branch","line":2,"loc":{"start":{"line":2,"column":37},"end":{"line":16,"column":1}},"locations":[{"start":{"line":2,"column":37},"end":{"line":16,"column":1}}]},"1":{"type":"branch","line":16,"loc":{"start":{"line":16,"column":0},"end":{"line":16,"column":1}},"locations":[{"start":{"line":16,"column":0},"end":{"line":16,"column":1}}]},"2":{"type":"branch","line":18,"loc":{"start":{"line":18,"column":7},"end":{"line":24,"column":1}},"locations":[{"start":{"line":18,"column":7},"end":{"line":24,"column":1}}]},"3":{"type":"branch","line":19,"loc":{"start":{"line":19,"column":33},"end":{"line":21,"column":8}},"locations":[{"start":{"line":19,"column":33},"end":{"line":21,"column":8}}]},"4":{"type":"branch","line":24,"loc":{"start":{"line":24,"column":0},"end":{"line":24,"column":1}},"locations":[{"start":{"line":24,"column":0},"end":{"line":24,"column":1}}]}},"b":{"0":[6],"1":[6],"2":[90],"3":[0],"4":[90]},"fnMap":{"0":{"name":"nowTime","decl":{"start":{"line":2,"column":37},"end":{"line":16,"column":1}},"loc":{"start":{"line":2,"column":37},"end":{"line":16,"column":1}},"line":2},"1":{"name":"get","decl":{"start":{"line":16,"column":0},"end":{"line":16,"column":1}},"loc":{"start":{"line":16,"column":0},"end":{"line":16,"column":1}},"line":16},"2":{"name":"checkEmpty","decl":{"start":{"line":18,"column":7},"end":{"line":24,"column":1}},"loc":{"start":{"line":18,"column":7},"end":{"line":24,"column":1}},"line":18},"3":{"name":"get","decl":{"start":{"line":24,"column":0},"end":{"line":24,"column":1}},"loc":{"start":{"line":24,"column":0},"end":{"line":24,"column":1}},"line":24}},"f":{"0":6,"1":6,"2":90,"3":90}}
,"D:\\Portal\\Prog\\cleanCall\\backend\\src\\core\\abstracts\\errors\\InvalidInputError.ts": {"path":"D:\\Portal\\Prog\\cleanCall\\backend\\src\\core\\abstracts\\errors\\InvalidInputError.ts","all":false,"statementMap":{"0":{"start":{"line":1,"column":0},"end":{"line":1,"column":65}},"1":{"start":{"line":2,"column":0},"end":{"line":2,"column":0}},"2":{"start":{"line":3,"column":0},"end":{"line":3,"column":54}}},"s":{"0":1,"1":1,"2":1},"branchMap":{"0":{"type":"branch","line":3,"loc":{"start":{"line":3,"column":53},"end":{"line":3,"column":54}},"locations":[{"start":{"line":3,"column":53},"end":{"line":3,"column":54}}]}},"b":{"0":[6]},"fnMap":{"0":{"name":"get","decl":{"start":{"line":3,"column":53},"end":{"line":3,"column":54}},"loc":{"start":{"line":3,"column":53},"end":{"line":3,"column":54}},"line":3}},"f":{"0":6}}
,"D:\\Portal\\Prog\\cleanCall\\backend\\src\\core\\abstracts\\errors\\RepoError.ts": {"path":"D:\\Portal\\Prog\\cleanCall\\backend\\src\\core\\abstracts\\errors\\RepoError.ts","all":false,"statementMap":{"0":{"start":{"line":1,"column":0},"end":{"line":1,"column":65}},"1":{"start":{"line":2,"column":0},"end":{"line":2,"column":0}},"2":{"start":{"line":3,"column":0},"end":{"line":3,"column":46}}},"s":{"0":1,"1":1,"2":1},"branchMap":{"0":{"type":"branch","line":3,"loc":{"start":{"line":3,"column":45},"end":{"line":3,"column":46}},"locations":[{"start":{"line":3,"column":45},"end":{"line":3,"column":46}}]}},"b":{"0":[6]},"fnMap":{"0":{"name":"get","decl":{"start":{"line":3,"column":45},"end":{"line":3,"column":46}},"loc":{"start":{"line":3,"column":45},"end":{"line":3,"column":46}},"line":3}},"f":{"0":6}}
,"D:\\Portal\\Prog\\cleanCall\\backend\\src\\core\\abstracts\\errors\\abstracts\\GenericError.abstract.ts": {"path":"D:\\Portal\\Prog\\cleanCall\\backend\\src\\core\\abstracts\\errors\\abstracts\\GenericError.abstract.ts","all":false,"statementMap":{"0":{"start":{"line":1,"column":0},"end":{"line":1,"column":36}},"1":{"start":{"line":2,"column":0},"end":{"line":2,"column":22}},"2":{"start":{"line":3,"column":0},"end":{"line":3,"column":27}},"3":{"start":{"line":4,"column":0},"end":{"line":4,"column":0}},"4":{"start":{"line":5,"column":0},"end":{"line":5,"column":16}},"5":{"start":{"line":6,"column":0},"end":{"line":6,"column":42}},"6":{"start":{"line":7,"column":0},"end":{"line":7,"column":59}},"7":{"start":{"line":8,"column":0},"end":{"line":8,"column":0}},"8":{"start":{"line":9,"column":0},"end":{"line":9,"column":59}},"9":{"start":{"line":10,"column":0},"end":{"line":10,"column":32}},"10":{"start":{"line":11,"column":0},"end":{"line":11,"column":36}},"11":{"start":{"line":12,"column":0},"end":{"line":12,"column":5}},"12":{"start":{"line":13,"column":0},"end":{"line":13,"column":1}}},"s":{"0":1,"1":1,"2":1,"3":1,"4":1,"5":1,"6":1,"7":1,"8":1,"9":12,"10":12,"11":12,"12":5},"branchMap":{"0":{"type":"branch","line":9,"loc":{"start":{"line":9,"column":1},"end":{"line":13,"column":1}},"locations":[{"start":{"line":9,"column":1},"end":{"line":13,"column":1}}]},"1":{"type":"branch","line":13,"loc":{"start":{"line":13,"column":0},"end":{"line":13,"column":1}},"locations":[{"start":{"line":13,"column":0},"end":{"line":13,"column":1}}]}},"b":{"0":[12],"1":[5]},"fnMap":{"0":{"name":"GenericError","decl":{"start":{"line":9,"column":1},"end":{"line":13,"column":1}},"loc":{"start":{"line":9,"column":1},"end":{"line":13,"column":1}},"line":9},"1":{"name":"get","decl":{"start":{"line":13,"column":0},"end":{"line":13,"column":1}},"loc":{"start":{"line":13,"column":0},"end":{"line":13,"column":1}},"line":13}},"f":{"0":12,"1":5}}
,"D:\\Portal\\Prog\\cleanCall\\backend\\src\\core\\abstracts\\user\\user.repo.abstract.ts": {"path":"D:\\Portal\\Prog\\cleanCall\\backend\\src\\core\\abstracts\\user\\user.repo.abstract.ts","all":false,"statementMap":{"0":{"start":{"line":1,"column":0},"end":{"line":1,"column":49}},"1":{"start":{"line":2,"column":0},"end":{"line":2,"column":61}},"2":{"start":{"line":3,"column":0},"end":{"line":3,"column":47}},"3":{"start":{"line":4,"column":0},"end":{"line":4,"column":0}},"4":{"start":{"line":5,"column":0},"end":{"line":5,"column":61}},"5":{"start":{"line":6,"column":0},"end":{"line":6,"column":73}},"6":{"start":{"line":7,"column":0},"end":{"line":7,"column":41}},"7":{"start":{"line":8,"column":0},"end":{"line":8,"column":52}},"8":{"start":{"line":9,"column":0},"end":{"line":9,"column":92}},"9":{"start":{"line":10,"column":0},"end":{"line":10,"column":95}},"10":{"start":{"line":11,"column":0},"end":{"line":11,"column":93}},"11":{"start":{"line":12,"column":0},"end":{"line":12,"column":93}},"12":{"start":{"line":13,"column":0},"end":{"line":13,"column":101}},"13":{"start":{"line":14,"column":0},"end":{"line":14,"column":0}},"14":{"start":{"line":15,"column":0},"end":{"line":15,"column":61}},"15":{"start":{"line":16,"column":0},"end":{"line":16,"column":1}}},"s":{"0":1,"1":1,"2":1,"3":1,"4":1,"5":1,"6":1,"7":1,"8":1,"9":1,"10":1,"11":1,"12":1,"13":1,"14":1,"15":1},"branchMap":{"0":{"type":"branch","line":16,"loc":{"start":{"line":16,"column":0},"end":{"line":16,"column":1}},"locations":[{"start":{"line":16,"column":0},"end":{"line":16,"column":1}}]}},"b":{"0":[1]},"fnMap":{"0":{"name":"get","decl":{"start":{"line":16,"column":0},"end":{"line":16,"column":1}},"loc":{"start":{"line":16,"column":0},"end":{"line":16,"column":1}},"line":16}},"f":{"0":1}}
,"D:\\Portal\\Prog\\cleanCall\\backend\\src\\core\\entities\\user.entity.ts": {"path":"D:\\Portal\\Prog\\cleanCall\\backend\\src\\core\\entities\\user.entity.ts","all":false,"statementMap":{"0":{"start":{"line":1,"column":0},"end":{"line":1,"column":39}},"1":{"start":{"line":2,"column":0},"end":{"line":2,"column":67}},"2":{"start":{"line":3,"column":0},"end":{"line":3,"column":73}},"3":{"start":{"line":4,"column":0},"end":{"line":4,"column":0}},"4":{"start":{"line":5,"column":0},"end":{"line":5,"column":41}},"5":{"start":{"line":6,"column":0},"end":{"line":6,"column":33}},"6":{"start":{"line":7,"column":0},"end":{"line":7,"column":39}},"7":{"start":{"line":8,"column":0},"end":{"line":8,"column":39}},"8":{"start":{"line":9,"column":0},"end":{"line":9,"column":40}},"9":{"start":{"line":10,"column":0},"end":{"line":10,"column":39}},"10":{"start":{"line":11,"column":0},"end":{"line":11,"column":33}},"11":{"start":{"line":12,"column":0},"end":{"line":12,"column":34}},"12":{"start":{"line":13,"column":0},"end":{"line":13,"column":33}},"13":{"start":{"line":14,"column":0},"end":{"line":14,"column":33}},"14":{"start":{"line":15,"column":0},"end":{"line":15,"column":43}},"15":{"start":{"line":16,"column":0},"end":{"line":16,"column":36}},"16":{"start":{"line":17,"column":0},"end":{"line":17,"column":44}},"17":{"start":{"line":18,"column":0},"end":{"line":18,"column":0}},"18":{"start":{"line":19,"column":0},"end":{"line":19,"column":14}},"19":{"start":{"line":20,"column":0},"end":{"line":20,"column":12}},"20":{"start":{"line":21,"column":0},"end":{"line":21,"column":5}},"21":{"start":{"line":22,"column":0},"end":{"line":22,"column":13}},"22":{"start":{"line":23,"column":0},"end":{"line":23,"column":19}},"23":{"start":{"line":24,"column":0},"end":{"line":24,"column":19}},"24":{"start":{"line":25,"column":0},"end":{"line":25,"column":20}},"25":{"start":{"line":26,"column":0},"end":{"line":26,"column":19}},"26":{"start":{"line":27,"column":0},"end":{"line":27,"column":20}},"27":{"start":{"line":28,"column":0},"end":{"line":28,"column":21}},"28":{"start":{"line":29,"column":0},"end":{"line":29,"column":19}},"29":{"start":{"line":30,"column":0},"end":{"line":30,"column":20}},"30":{"start":{"line":31,"column":0},"end":{"line":31,"column":23}},"31":{"start":{"line":32,"column":0},"end":{"line":32,"column":16}},"32":{"start":{"line":33,"column":0},"end":{"line":33,"column":24}},"33":{"start":{"line":34,"column":0},"end":{"line":34,"column":5}},"34":{"start":{"line":35,"column":0},"end":{"line":35,"column":19}},"35":{"start":{"line":36,"column":0},"end":{"line":36,"column":23}},"36":{"start":{"line":37,"column":0},"end":{"line":37,"column":3}},"37":{"start":{"line":38,"column":0},"end":{"line":38,"column":25}},"38":{"start":{"line":39,"column":0},"end":{"line":39,"column":55}},"39":{"start":{"line":40,"column":0},"end":{"line":40,"column":37}},"40":{"start":{"line":41,"column":0},"end":{"line":41,"column":3}},"41":{"start":{"line":42,"column":0},"end":{"line":42,"column":25}},"42":{"start":{"line":43,"column":0},"end":{"line":43,"column":55}},"43":{"start":{"line":44,"column":0},"end":{"line":44,"column":3}},"44":{"start":{"line":45,"column":0},"end":{"line":45,"column":26}},"45":{"start":{"line":46,"column":0},"end":{"line":46,"column":58}},"46":{"start":{"line":47,"column":0},"end":{"line":47,"column":3}},"47":{"start":{"line":48,"column":0},"end":{"line":48,"column":25}},"48":{"start":{"line":49,"column":0},"end":{"line":49,"column":55}},"49":{"start":{"line":50,"column":0},"end":{"line":50,"column":3}},"50":{"start":{"line":51,"column":0},"end":{"line":51,"column":26}},"51":{"start":{"line":52,"column":0},"end":{"line":52,"column":137}},"52":{"start":{"line":53,"column":0},"end":{"line":53,"column":3}},"53":{"start":{"line":54,"column":0},"end":{"line":54,"column":27}},"54":{"start":{"line":55,"column":0},"end":{"line":55,"column":139}},"55":{"start":{"line":56,"column":0},"end":{"line":56,"column":3}},"56":{"start":{"line":57,"column":0},"end":{"line":57,"column":54}},"57":{"start":{"line":58,"column":0},"end":{"line":58,"column":27}},"58":{"start":{"line":59,"column":0},"end":{"line":59,"column":92}},"59":{"start":{"line":60,"column":0},"end":{"line":60,"column":6}},"60":{"start":{"line":61,"column":0},"end":{"line":61,"column":28}},"61":{"start":{"line":62,"column":0},"end":{"line":62,"column":95}},"62":{"start":{"line":63,"column":0},"end":{"line":63,"column":6}},"63":{"start":{"line":64,"column":0},"end":{"line":64,"column":29}},"64":{"start":{"line":65,"column":0},"end":{"line":65,"column":67}},"65":{"start":{"line":66,"column":0},"end":{"line":66,"column":3}},"66":{"start":{"line":67,"column":0},"end":{"line":67,"column":22}},"67":{"start":{"line":68,"column":0},"end":{"line":68,"column":46}},"68":{"start":{"line":69,"column":0},"end":{"line":69,"column":3}},"69":{"start":{"line":70,"column":0},"end":{"line":70,"column":2}},"70":{"start":{"line":71,"column":0},"end":{"line":71,"column":0}},"71":{"start":{"line":72,"column":0},"end":{"line":72,"column":34}},"72":{"start":{"line":73,"column":0},"end":{"line":73,"column":61}},"73":{"start":{"line":74,"column":0},"end":{"line":74,"column":6}},"74":{"start":{"line":75,"column":0},"end":{"line":75,"column":27}},"75":{"start":{"line":76,"column":0},"end":{"line":76,"column":32}},"76":{"start":{"line":77,"column":0},"end":{"line":77,"column":33}},"77":{"start":{"line":78,"column":0},"end":{"line":78,"column":11}},"78":{"start":{"line":79,"column":0},"end":{"line":79,"column":5}},"79":{"start":{"line":80,"column":0},"end":{"line":80,"column":32}},"80":{"start":{"line":81,"column":0},"end":{"line":81,"column":12}},"81":{"start":{"line":82,"column":0},"end":{"line":82,"column":126}},"82":{"start":{"line":83,"column":0},"end":{"line":83,"column":5}},"83":{"start":{"line":84,"column":0},"end":{"line":84,"column":10}},"84":{"start":{"line":85,"column":0},"end":{"line":85,"column":18}},"85":{"start":{"line":86,"column":0},"end":{"line":86,"column":3}},"86":{"start":{"line":87,"column":0},"end":{"line":87,"column":2}},"87":{"start":{"line":88,"column":0},"end":{"line":88,"column":0}},"88":{"start":{"line":89,"column":0},"end":{"line":89,"column":34}},"89":{"start":{"line":90,"column":0},"end":{"line":90,"column":68}},"90":{"start":{"line":91,"column":0},"end":{"line":91,"column":0}},"91":{"start":{"line":92,"column":0},"end":{"line":92,"column":6}},"92":{"start":{"line":93,"column":0},"end":{"line":93,"column":27}},"93":{"start":{"line":94,"column":0},"end":{"line":94,"column":32}},"94":{"start":{"line":95,"column":0},"end":{"line":95,"column":33}},"95":{"start":{"line":96,"column":0},"end":{"line":96,"column":11}},"96":{"start":{"line":97,"column":0},"end":{"line":97,"column":5}},"97":{"start":{"line":98,"column":0},"end":{"line":98,"column":32}},"98":{"start":{"line":99,"column":0},"end":{"line":99,"column":12}},"99":{"start":{"line":100,"column":0},"end":{"line":100,"column":106}},"100":{"start":{"line":101,"column":0},"end":{"line":101,"column":5}},"101":{"start":{"line":102,"column":0},"end":{"line":102,"column":10}},"102":{"start":{"line":103,"column":0},"end":{"line":103,"column":18}},"103":{"start":{"line":104,"column":0},"end":{"line":104,"column":3}},"104":{"start":{"line":105,"column":0},"end":{"line":105,"column":2}},"105":{"start":{"line":106,"column":0},"end":{"line":106,"column":0}},"106":{"start":{"line":107,"column":0},"end":{"line":107,"column":32}},"107":{"start":{"line":108,"column":0},"end":{"line":108,"column":56}},"108":{"start":{"line":109,"column":0},"end":{"line":109,"column":32}},"109":{"start":{"line":110,"column":0},"end":{"line":110,"column":59}},"110":{"start":{"line":111,"column":0},"end":{"line":111,"column":5}},"111":{"start":{"line":112,"column":0},"end":{"line":112,"column":10}},"112":{"start":{"line":113,"column":0},"end":{"line":113,"column":15}},"113":{"start":{"line":114,"column":0},"end":{"line":114,"column":3}},"114":{"start":{"line":115,"column":0},"end":{"line":115,"column":2}},"115":{"start":{"line":116,"column":0},"end":{"line":116,"column":0}},"116":{"start":{"line":117,"column":0},"end":{"line":117,"column":31}},"117":{"start":{"line":118,"column":0},"end":{"line":118,"column":56}},"118":{"start":{"line":119,"column":0},"end":{"line":119,"column":32}},"119":{"start":{"line":120,"column":0},"end":{"line":120,"column":58}},"120":{"start":{"line":121,"column":0},"end":{"line":121,"column":5}},"121":{"start":{"line":122,"column":0},"end":{"line":122,"column":10}},"122":{"start":{"line":123,"column":0},"end":{"line":123,"column":15}},"123":{"start":{"line":124,"column":0},"end":{"line":124,"column":3}},"124":{"start":{"line":125,"column":0},"end":{"line":125,"column":2}},"125":{"start":{"line":126,"column":0},"end":{"line":126,"column":0}},"126":{"start":{"line":127,"column":0},"end":{"line":127,"column":43}},"127":{"start":{"line":128,"column":0},"end":{"line":128,"column":34}},"128":{"start":{"line":129,"column":0},"end":{"line":129,"column":38}},"129":{"start":{"line":130,"column":0},"end":{"line":130,"column":35}},"130":{"start":{"line":131,"column":0},"end":{"line":131,"column":51}},"131":{"start":{"line":132,"column":0},"end":{"line":132,"column":8}},"132":{"start":{"line":133,"column":0},"end":{"line":133,"column":13}},"133":{"start":{"line":134,"column":0},"end":{"line":134,"column":35}},"134":{"start":{"line":135,"column":0},"end":{"line":135,"column":6}},"135":{"start":{"line":136,"column":0},"end":{"line":136,"column":5}},"136":{"start":{"line":137,"column":0},"end":{"line":137,"column":35}},"137":{"start":{"line":138,"column":0},"end":{"line":138,"column":38}},"138":{"start":{"line":139,"column":0},"end":{"line":139,"column":35}},"139":{"start":{"line":140,"column":0},"end":{"line":140,"column":52}},"140":{"start":{"line":141,"column":0},"end":{"line":141,"column":8}},"141":{"start":{"line":142,"column":0},"end":{"line":142,"column":13}},"142":{"start":{"line":143,"column":0},"end":{"line":143,"column":36}},"143":{"start":{"line":144,"column":0},"end":{"line":144,"column":6}},"144":{"start":{"line":145,"column":0},"end":{"line":145,"column":5}},"145":{"start":{"line":146,"column":0},"end":{"line":146,"column":0}},"146":{"start":{"line":147,"column":0},"end":{"line":147,"column":35}},"147":{"start":{"line":148,"column":0},"end":{"line":148,"column":40}},"148":{"start":{"line":149,"column":0},"end":{"line":149,"column":47}},"149":{"start":{"line":150,"column":0},"end":{"line":150,"column":40}},"150":{"start":{"line":151,"column":0},"end":{"line":151,"column":0}},"151":{"start":{"line":152,"column":0},"end":{"line":152,"column":55}},"152":{"start":{"line":153,"column":0},"end":{"line":153,"column":0}},"153":{"start":{"line":154,"column":0},"end":{"line":154,"column":6}},"154":{"start":{"line":155,"column":0},"end":{"line":155,"column":24}},"155":{"start":{"line":156,"column":0},"end":{"line":156,"column":30}},"156":{"start":{"line":157,"column":0},"end":{"line":157,"column":30}},"157":{"start":{"line":158,"column":0},"end":{"line":158,"column":14}},"158":{"start":{"line":159,"column":0},"end":{"line":159,"column":27}},"159":{"start":{"line":160,"column":0},"end":{"line":160,"column":5}},"160":{"start":{"line":161,"column":0},"end":{"line":161,"column":32}},"161":{"start":{"line":162,"column":0},"end":{"line":162,"column":46}},"162":{"start":{"line":163,"column":0},"end":{"line":163,"column":5}},"163":{"start":{"line":164,"column":0},"end":{"line":164,"column":10}},"164":{"start":{"line":165,"column":0},"end":{"line":165,"column":15}},"165":{"start":{"line":166,"column":0},"end":{"line":166,"column":3}},"166":{"start":{"line":167,"column":0},"end":{"line":167,"column":2}},"167":{"start":{"line":168,"column":0},"end":{"line":168,"column":0}},"168":{"start":{"line":169,"column":0},"end":{"line":169,"column":28}},"169":{"start":{"line":170,"column":0},"end":{"line":170,"column":73}},"170":{"start":{"line":171,"column":0},"end":{"line":171,"column":9}},"171":{"start":{"line":172,"column":0},"end":{"line":172,"column":3}},"172":{"start":{"line":173,"column":0},"end":{"line":173,"column":6}},"173":{"start":{"line":174,"column":0},"end":{"line":174,"column":24}},"174":{"start":{"line":175,"column":0},"end":{"line":175,"column":30}},"175":{"start":{"line":176,"column":0},"end":{"line":176,"column":29}},"176":{"start":{"line":177,"column":0},"end":{"line":177,"column":11}},"177":{"start":{"line":178,"column":0},"end":{"line":178,"column":5}},"178":{"start":{"line":179,"column":0},"end":{"line":179,"column":69}},"179":{"start":{"line":180,"column":0},"end":{"line":180,"column":10}},"180":{"start":{"line":181,"column":0},"end":{"line":181,"column":15}},"181":{"start":{"line":182,"column":0},"end":{"line":182,"column":3}},"182":{"start":{"line":183,"column":0},"end":{"line":183,"column":2}},"183":{"start":{"line":184,"column":0},"end":{"line":184,"column":1}}},"s":{"0":1,"1":1,"2":1,"3":1,"4":1,"5":1,"6":1,"7":1,"8":1,"9":1,"10":1,"11":1,"12":1,"13":1,"14":1,"15":1,"16":1,"17":1,"18":1,"19":53,"20":53,"21":53,"22":53,"23":53,"24":53,"25":53,"26":53,"27":53,"28":53,"29":53,"30":53,"31":53,"32":53,"33":53,"34":53,"35":33,"36":33,"37":53,"38":37,"39":37,"40":37,"41":53,"42":3,"43":3,"44":53,"45":22,"46":22,"47":53,"48":20,"49":20,"50":53,"51":17,"52":17,"53":53,"54":17,"55":17,"56":17,"57":17,"58":17,"59":17,"60":17,"61":17,"62":17,"63":53,"64":2,"65":2,"66":48,"67":6,"68":6,"69":53,"70":1,"71":1,"72":37,"73":37,"74":37,"75":37,"76":37,"77":37,"78":37,"79":1,"80":1,"81":1,"82":1,"83":36,"84":36,"85":36,"86":37,"87":1,"88":1,"89":3,"90":3,"91":3,"92":3,"93":3,"94":2,"95":2,"96":3,"97":1,"98":1,"99":1,"100":1,"101":2,"102":2,"103":2,"104":3,"105":1,"106":1,"107":22,"108":1,"109":1,"110":1,"111":21,"112":21,"113":21,"114":22,"115":1,"116":1,"117":20,"118":1,"119":1,"120":1,"121":19,"122":19,"123":19,"124":20,"125":1,"126":1,"127":1,"128":1,"129":1,"130":1,"131":1,"132":1,"133":1,"134":1,"135":1,"136":1,"137":1,"138":1,"139":1,"140":1,"141":1,"142":1,"143":1,"144":1,"145":1,"146":1,"147":2,"148":2,"149":2,"150":2,"151":2,"152":2,"153":2,"154":2,"155":2,"156":2,"157":1,"158":1,"159":2,"160":1,"161":1,"162":1,"163":1,"164":1,"165":1,"166":2,"167":1,"168":1,"169":6,"170":6,"171":6,"172":6,"173":6,"174":6,"175":6,"176":6,"177":6,"178":1,"179":5,"180":5,"181":5,"182":6,"183":39},"branchMap":{"0":{"type":"branch","line":19,"loc":{"start":{"line":19,"column":1},"end":{"line":70,"column":2}},"locations":[{"start":{"line":19,"column":1},"end":{"line":70,"column":2}}]},"1":{"type":"branch","line":35,"loc":{"start":{"line":35,"column":18},"end":{"line":38,"column":6}},"locations":[{"start":{"line":35,"column":18},"end":{"line":38,"column":6}}]},"2":{"type":"branch","line":38,"loc":{"start":{"line":38,"column":24},"end":{"line":42,"column":6}},"locations":[{"start":{"line":38,"column":24},"end":{"line":42,"column":6}}]},"3":{"type":"branch","line":42,"loc":{"start":{"line":42,"column":2},"end":{"line":42,"column":25}},"locations":[{"start":{"line":42,"column":2},"end":{"line":42,"column":25}}]},"4":{"type":"branch","line":42,"loc":{"start":{"line":42,"column":24},"end":{"line":45,"column":6}},"locations":[{"start":{"line":42,"column":24},"end":{"line":45,"column":6}}]},"5":{"type":"branch","line":45,"loc":{"start":{"line":45,"column":2},"end":{"line":45,"column":26}},"locations":[{"start":{"line":45,"column":2},"end":{"line":45,"column":26}}]},"6":{"type":"branch","line":45,"loc":{"start":{"line":45,"column":25},"end":{"line":48,"column":6}},"locations":[{"start":{"line":45,"column":25},"end":{"line":48,"column":6}}]},"7":{"type":"branch","line":48,"loc":{"start":{"line":48,"column":2},"end":{"line":48,"column":25}},"locations":[{"start":{"line":48,"column":2},"end":{"line":48,"column":25}}]},"8":{"type":"branch","line":48,"loc":{"start":{"line":48,"column":24},"end":{"line":51,"column":6}},"locations":[{"start":{"line":48,"column":24},"end":{"line":51,"column":6}}]},"9":{"type":"branch","line":51,"loc":{"start":{"line":51,"column":2},"end":{"line":51,"column":26}},"locations":[{"start":{"line":51,"column":2},"end":{"line":51,"column":26}}]},"10":{"type":"branch","line":51,"loc":{"start":{"line":51,"column":25},"end":{"line":54,"column":6}},"locations":[{"start":{"line":51,"column":25},"end":{"line":54,"column":6}}]},"11":{"type":"branch","line":54,"loc":{"start":{"line":54,"column":2},"end":{"line":54,"column":27}},"locations":[{"start":{"line":54,"column":2},"end":{"line":54,"column":27}}]},"12":{"type":"branch","line":54,"loc":{"start":{"line":54,"column":26},"end":{"line":64,"column":6}},"locations":[{"start":{"line":54,"column":26},"end":{"line":64,"column":6}}]},"13":{"type":"branch","line":64,"loc":{"start":{"line":64,"column":2},"end":{"line":64,"column":29}},"locations":[{"start":{"line":64,"column":2},"end":{"line":64,"column":29}}]},"14":{"type":"branch","line":64,"loc":{"start":{"line":64,"column":28},"end":{"line":69,"column":3}},"locations":[{"start":{"line":64,"column":28},"end":{"line":69,"column":3}}]},"15":{"type":"branch","line":64,"loc":{"start":{"line":64,"column":28},"end":{"line":67,"column":6}},"locations":[{"start":{"line":64,"column":28},"end":{"line":67,"column":6}}]},"16":{"type":"branch","line":67,"loc":{"start":{"line":67,"column":21},"end":{"line":69,"column":3}},"locations":[{"start":{"line":67,"column":21},"end":{"line":69,"column":3}}]},"17":{"type":"branch","line":72,"loc":{"start":{"line":72,"column":1},"end":{"line":87,"column":2}},"locations":[{"start":{"line":72,"column":1},"end":{"line":87,"column":2}}]},"18":{"type":"branch","line":79,"loc":{"start":{"line":79,"column":4},"end":{"line":86,"column":3}},"locations":[{"start":{"line":79,"column":4},"end":{"line":86,"column":3}}]},"19":{"type":"branch","line":79,"loc":{"start":{"line":79,"column":4},"end":{"line":84,"column":9}},"locations":[{"start":{"line":79,"column":4},"end":{"line":84,"column":9}}]},"20":{"type":"branch","line":89,"loc":{"start":{"line":89,"column":1},"end":{"line":105,"column":2}},"locations":[{"start":{"line":89,"column":1},"end":{"line":105,"column":2}}]},"21":{"type":"branch","line":94,"loc":{"start":{"line":94,"column":28},"end":{"line":95,"column":33}},"locations":[{"start":{"line":94,"column":28},"end":{"line":95,"column":33}}]},"22":{"type":"branch","line":95,"loc":{"start":{"line":95,"column":28},"end":{"line":96,"column":11}},"locations":[{"start":{"line":95,"column":28},"end":{"line":96,"column":11}}]},"23":{"type":"branch","line":97,"loc":{"start":{"line":97,"column":4},"end":{"line":104,"column":3}},"locations":[{"start":{"line":97,"column":4},"end":{"line":104,"column":3}}]},"24":{"type":"branch","line":97,"loc":{"start":{"line":97,"column":4},"end":{"line":102,"column":9}},"locations":[{"start":{"line":97,"column":4},"end":{"line":102,"column":9}}]},"25":{"type":"branch","line":107,"loc":{"start":{"line":107,"column":1},"end":{"line":115,"column":2}},"locations":[{"start":{"line":107,"column":1},"end":{"line":115,"column":2}}]},"26":{"type":"branch","line":108,"loc":{"start":{"line":108,"column":55},"end":{"line":114,"column":3}},"locations":[{"start":{"line":108,"column":55},"end":{"line":114,"column":3}}]},"27":{"type":"branch","line":108,"loc":{"start":{"line":108,"column":55},"end":{"line":112,"column":9}},"locations":[{"start":{"line":108,"column":55},"end":{"line":112,"column":9}}]},"28":{"type":"branch","line":117,"loc":{"start":{"line":117,"column":1},"end":{"line":125,"column":2}},"locations":[{"start":{"line":117,"column":1},"end":{"line":125,"column":2}}]},"29":{"type":"branch","line":118,"loc":{"start":{"line":118,"column":55},"end":{"line":124,"column":3}},"locations":[{"start":{"line":118,"column":55},"end":{"line":124,"column":3}}]},"30":{"type":"branch","line":118,"loc":{"start":{"line":118,"column":55},"end":{"line":122,"column":9}},"locations":[{"start":{"line":118,"column":55},"end":{"line":122,"column":9}}]},"31":{"type":"branch","line":147,"loc":{"start":{"line":147,"column":1},"end":{"line":167,"column":2}},"locations":[{"start":{"line":147,"column":1},"end":{"line":167,"column":2}}]},"32":{"type":"branch","line":157,"loc":{"start":{"line":157,"column":25},"end":{"line":158,"column":14}},"locations":[{"start":{"line":157,"column":25},"end":{"line":158,"column":14}}]},"33":{"type":"branch","line":158,"loc":{"start":{"line":158,"column":4},"end":{"line":159,"column":27}},"locations":[{"start":{"line":158,"column":4},"end":{"line":159,"column":27}}]},"34":{"type":"branch","line":160,"loc":{"start":{"line":160,"column":4},"end":{"line":166,"column":3}},"locations":[{"start":{"line":160,"column":4},"end":{"line":166,"column":3}}]},"35":{"type":"branch","line":169,"loc":{"start":{"line":169,"column":1},"end":{"line":184,"column":1}},"locations":[{"start":{"line":169,"column":1},"end":{"line":184,"column":1}}]},"36":{"type":"branch","line":178,"loc":{"start":{"line":178,"column":4},"end":{"line":182,"column":3}},"locations":[{"start":{"line":178,"column":4},"end":{"line":182,"column":3}}]},"37":{"type":"branch","line":178,"loc":{"start":{"line":178,"column":4},"end":{"line":180,"column":9}},"locations":[{"start":{"line":178,"column":4},"end":{"line":180,"column":9}}]},"38":{"type":"branch","line":184,"loc":{"start":{"line":184,"column":0},"end":{"line":184,"column":1}},"locations":[{"start":{"line":184,"column":0},"end":{"line":184,"column":1}}]}},"b":{"0":[53],"1":[33],"2":[37],"3":[52],"4":[3],"5":[51],"6":[22],"7":[50],"8":[20],"9":[49],"10":[17],"11":[49],"12":[17],"13":[49],"14":[48],"15":[2],"16":[6],"17":[37],"18":[36],"19":[1],"20":[3],"21":[2],"22":[2],"23":[2],"24":[1],"25":[22],"26":[21],"27":[1],"28":[20],"29":[19],"30":[1],"31":[2],"32":[1],"33":[1],"34":[1],"35":[6],"36":[5],"37":[1],"38":[39]},"fnMap":{"0":{"name":"User","decl":{"start":{"line":19,"column":1},"end":{"line":70,"column":2}},"loc":{"start":{"line":19,"column":1},"end":{"line":70,"column":2}},"line":19},"1":{"name":"validUsername","decl":{"start":{"line":72,"column":1},"end":{"line":87,"column":2}},"loc":{"start":{"line":72,"column":1},"end":{"line":87,"column":2}},"line":72},"2":{"name":"validPassword","decl":{"start":{"line":89,"column":1},"end":{"line":105,"column":2}},"loc":{"start":{"line":89,"column":1},"end":{"line":105,"column":2}},"line":89},"3":{"name":"validFirstName","decl":{"start":{"line":107,"column":1},"end":{"line":115,"column":2}},"loc":{"start":{"line":107,"column":1},"end":{"line":115,"column":2}},"line":107},"4":{"name":"validLastName","decl":{"start":{"line":117,"column":1},"end":{"line":125,"column":2}},"loc":{"start":{"line":117,"column":1},"end":{"line":125,"column":2}},"line":117},"5":{"name":"validTelegramLink","decl":{"start":{"line":147,"column":1},"end":{"line":167,"column":2}},"loc":{"start":{"line":147,"column":1},"end":{"line":167,"column":2}},"line":147},"6":{"name":"validEmail","decl":{"start":{"line":169,"column":1},"end":{"line":184,"column":1}},"loc":{"start":{"line":169,"column":1},"end":{"line":184,"column":1}},"line":169},"7":{"name":"get","decl":{"start":{"line":184,"column":0},"end":{"line":184,"column":1}},"loc":{"start":{"line":184,"column":0},"end":{"line":184,"column":1}},"line":184}},"f":{"0":53,"1":37,"2":3,"3":22,"4":20,"5":2,"6":6,"7":39}}
,"D:\\Portal\\Prog\\cleanCall\\backend\\src\\core\\use-cases\\user.use-cases.ts": {"path":"D:\\Portal\\Prog\\cleanCall\\backend\\src\\core\\use-cases\\user.use-cases.ts","all":false,"statementMap":{"0":{"start":{"line":1,"column":0},"end":{"line":1,"column":70}},"1":{"start":{"line":2,"column":0},"end":{"line":2,"column":57}},"2":{"start":{"line":3,"column":0},"end":{"line":3,"column":64}},"3":{"start":{"line":4,"column":0},"end":{"line":4,"column":63}},"4":{"start":{"line":5,"column":0},"end":{"line":5,"column":46}},"5":{"start":{"line":6,"column":0},"end":{"line":6,"column":0}},"6":{"start":{"line":7,"column":0},"end":{"line":7,"column":27}},"7":{"start":{"line":8,"column":0},"end":{"line":8,"column":43}},"8":{"start":{"line":9,"column":0},"end":{"line":9,"column":0}},"9":{"start":{"line":10,"column":0},"end":{"line":10,"column":62}},"10":{"start":{"line":11,"column":0},"end":{"line":11,"column":41}},"11":{"start":{"line":12,"column":0},"end":{"line":12,"column":0}},"12":{"start":{"line":13,"column":0},"end":{"line":13,"column":7}},"13":{"start":{"line":14,"column":0},"end":{"line":14,"column":54}},"14":{"start":{"line":15,"column":0},"end":{"line":15,"column":44}},"15":{"start":{"line":16,"column":0},"end":{"line":16,"column":34}},"16":{"start":{"line":17,"column":0},"end":{"line":17,"column":17}},"17":{"start":{"line":18,"column":0},"end":{"line":18,"column":11}},"18":{"start":{"line":19,"column":0},"end":{"line":19,"column":27}},"19":{"start":{"line":20,"column":0},"end":{"line":20,"column":17}},"20":{"start":{"line":21,"column":0},"end":{"line":21,"column":4}},"21":{"start":{"line":22,"column":0},"end":{"line":22,"column":32}},"22":{"start":{"line":23,"column":0},"end":{"line":23,"column":24}},"23":{"start":{"line":24,"column":0},"end":{"line":24,"column":16}},"24":{"start":{"line":25,"column":0},"end":{"line":25,"column":33}},"25":{"start":{"line":26,"column":0},"end":{"line":26,"column":3}},"26":{"start":{"line":27,"column":0},"end":{"line":27,"column":2}},"27":{"start":{"line":28,"column":0},"end":{"line":28,"column":0}},"28":{"start":{"line":29,"column":0},"end":{"line":29,"column":64}},"29":{"start":{"line":30,"column":0},"end":{"line":30,"column":41}},"30":{"start":{"line":31,"column":0},"end":{"line":31,"column":7}},"31":{"start":{"line":32,"column":0},"end":{"line":32,"column":56}},"32":{"start":{"line":33,"column":0},"end":{"line":33,"column":47}},"33":{"start":{"line":34,"column":0},"end":{"line":34,"column":34}},"34":{"start":{"line":35,"column":0},"end":{"line":35,"column":17}},"35":{"start":{"line":36,"column":0},"end":{"line":36,"column":11}},"36":{"start":{"line":37,"column":0},"end":{"line":37,"column":28}},"37":{"start":{"line":38,"column":0},"end":{"line":38,"column":17}},"38":{"start":{"line":39,"column":0},"end":{"line":39,"column":4}},"39":{"start":{"line":40,"column":0},"end":{"line":40,"column":32}},"40":{"start":{"line":41,"column":0},"end":{"line":41,"column":24}},"41":{"start":{"line":42,"column":0},"end":{"line":42,"column":16}},"42":{"start":{"line":43,"column":0},"end":{"line":43,"column":33}},"43":{"start":{"line":44,"column":0},"end":{"line":44,"column":3}},"44":{"start":{"line":45,"column":0},"end":{"line":45,"column":2}},"45":{"start":{"line":46,"column":0},"end":{"line":46,"column":0}},"46":{"start":{"line":47,"column":0},"end":{"line":47,"column":65}},"47":{"start":{"line":48,"column":0},"end":{"line":48,"column":41}},"48":{"start":{"line":49,"column":0},"end":{"line":49,"column":7}},"49":{"start":{"line":50,"column":0},"end":{"line":50,"column":56}},"50":{"start":{"line":51,"column":0},"end":{"line":51,"column":28}},"51":{"start":{"line":52,"column":0},"end":{"line":52,"column":16}},"52":{"start":{"line":53,"column":0},"end":{"line":53,"column":32}},"53":{"start":{"line":54,"column":0},"end":{"line":54,"column":24}},"54":{"start":{"line":55,"column":0},"end":{"line":55,"column":24}},"55":{"start":{"line":56,"column":0},"end":{"line":56,"column":33}},"56":{"start":{"line":57,"column":0},"end":{"line":57,"column":3}},"57":{"start":{"line":58,"column":0},"end":{"line":58,"column":2}},"58":{"start":{"line":59,"column":0},"end":{"line":59,"column":0}},"59":{"start":{"line":60,"column":0},"end":{"line":60,"column":62}},"60":{"start":{"line":61,"column":0},"end":{"line":61,"column":41}},"61":{"start":{"line":62,"column":0},"end":{"line":62,"column":7}},"62":{"start":{"line":63,"column":0},"end":{"line":63,"column":56}},"63":{"start":{"line":64,"column":0},"end":{"line":64,"column":28}},"64":{"start":{"line":65,"column":0},"end":{"line":65,"column":16}},"65":{"start":{"line":66,"column":0},"end":{"line":66,"column":32}},"66":{"start":{"line":67,"column":0},"end":{"line":67,"column":24}},"67":{"start":{"line":68,"column":0},"end":{"line":68,"column":16}},"68":{"start":{"line":69,"column":0},"end":{"line":69,"column":33}},"69":{"start":{"line":70,"column":0},"end":{"line":70,"column":3}},"70":{"start":{"line":71,"column":0},"end":{"line":71,"column":2}},"71":{"start":{"line":72,"column":0},"end":{"line":72,"column":0}},"72":{"start":{"line":73,"column":0},"end":{"line":73,"column":62}},"73":{"start":{"line":74,"column":0},"end":{"line":74,"column":41}},"74":{"start":{"line":75,"column":0},"end":{"line":75,"column":7}},"75":{"start":{"line":76,"column":0},"end":{"line":76,"column":56}},"76":{"start":{"line":77,"column":0},"end":{"line":77,"column":60}},"77":{"start":{"line":78,"column":0},"end":{"line":78,"column":20}},"78":{"start":{"line":79,"column":0},"end":{"line":79,"column":14}},"79":{"start":{"line":80,"column":0},"end":{"line":80,"column":44}},"80":{"start":{"line":81,"column":0},"end":{"line":81,"column":16}},"81":{"start":{"line":82,"column":0},"end":{"line":82,"column":7}},"82":{"start":{"line":83,"column":0},"end":{"line":83,"column":32}},"83":{"start":{"line":84,"column":0},"end":{"line":84,"column":24}},"84":{"start":{"line":85,"column":0},"end":{"line":85,"column":16}},"85":{"start":{"line":86,"column":0},"end":{"line":86,"column":33}},"86":{"start":{"line":87,"column":0},"end":{"line":87,"column":3}},"87":{"start":{"line":88,"column":0},"end":{"line":88,"column":2}},"88":{"start":{"line":89,"column":0},"end":{"line":89,"column":1}}},"s":{"0":1,"1":1,"2":1,"3":1,"4":1,"5":1,"6":1,"7":1,"8":1,"9":1,"10":11,"11":11,"12":11,"13":11,"14":11,"15":4,"16":4,"17":9,"18":6,"19":6,"20":6,"21":11,"22":1,"23":1,"24":1,"25":1,"26":11,"27":1,"28":1,"29":4,"30":4,"31":4,"32":4,"33":1,"34":1,"35":4,"36":3,"37":3,"38":3,"39":4,"40":0,"41":0,"42":0,"43":0,"44":4,"45":1,"46":1,"47":4,"48":4,"49":4,"50":4,"51":2,"52":2,"53":2,"54":2,"55":2,"56":2,"57":4,"58":1,"59":1,"60":4,"61":4,"62":4,"63":4,"64":2,"65":2,"66":2,"67":2,"68":2,"69":2,"70":4,"71":1,"72":1,"73":3,"74":3,"75":3,"76":3,"77":3,"78":3,"79":3,"80":2,"81":2,"82":2,"83":1,"84":1,"85":1,"86":1,"87":3,"88":2},"branchMap":{"0":{"type":"branch","line":8,"loc":{"start":{"line":8,"column":1},"end":{"line":8,"column":43}},"locations":[{"start":{"line":8,"column":1},"end":{"line":8,"column":43}}]},"1":{"type":"branch","line":10,"loc":{"start":{"line":10,"column":1},"end":{"line":27,"column":2}},"locations":[{"start":{"line":10,"column":1},"end":{"line":27,"column":2}}]},"2":{"type":"branch","line":15,"loc":{"start":{"line":15,"column":3},"end":{"line":15,"column":44}},"locations":[{"start":{"line":15,"column":3},"end":{"line":15,"column":44}}]},"3":{"type":"branch","line":15,"loc":{"start":{"line":15,"column":43},"end":{"line":21,"column":4}},"locations":[{"start":{"line":15,"column":43},"end":{"line":21,"column":4}}]},"4":{"type":"branch","line":15,"loc":{"start":{"line":15,"column":43},"end":{"line":18,"column":10}},"locations":[{"start":{"line":15,"column":43},"end":{"line":18,"column":10}}]},"5":{"type":"branch","line":18,"loc":{"start":{"line":18,"column":3},"end":{"line":21,"column":4}},"locations":[{"start":{"line":18,"column":3},"end":{"line":21,"column":4}}]},"6":{"type":"branch","line":22,"loc":{"start":{"line":22,"column":2},"end":{"line":26,"column":3}},"locations":[{"start":{"line":22,"column":2},"end":{"line":26,"column":3}}]},"7":{"type":"branch","line":29,"loc":{"start":{"line":29,"column":1},"end":{"line":45,"column":2}},"locations":[{"start":{"line":29,"column":1},"end":{"line":45,"column":2}}]},"8":{"type":"branch","line":33,"loc":{"start":{"line":33,"column":46},"end":{"line":36,"column":10}},"locations":[{"start":{"line":33,"column":46},"end":{"line":36,"column":10}}]},"9":{"type":"branch","line":36,"loc":{"start":{"line":36,"column":3},"end":{"line":39,"column":4}},"locations":[{"start":{"line":36,"column":3},"end":{"line":39,"column":4}}]},"10":{"type":"branch","line":40,"loc":{"start":{"line":40,"column":2},"end":{"line":44,"column":3}},"locations":[{"start":{"line":40,"column":2},"end":{"line":44,"column":3}}]},"11":{"type":"branch","line":47,"loc":{"start":{"line":47,"column":1},"end":{"line":58,"column":2}},"locations":[{"start":{"line":47,"column":1},"end":{"line":58,"column":2}}]},"12":{"type":"branch","line":51,"loc":{"start":{"line":51,"column":3},"end":{"line":57,"column":3}},"locations":[{"start":{"line":51,"column":3},"end":{"line":57,"column":3}}]},"13":{"type":"branch","line":60,"loc":{"start":{"line":60,"column":1},"end":{"line":71,"column":2}},"locations":[{"start":{"line":60,"column":1},"end":{"line":71,"column":2}}]},"14":{"type":"branch","line":64,"loc":{"start":{"line":64,"column":3},"end":{"line":70,"column":3}},"locations":[{"start":{"line":64,"column":3},"end":{"line":70,"column":3}}]},"15":{"type":"branch","line":73,"loc":{"start":{"line":73,"column":1},"end":{"line":89,"column":1}},"locations":[{"start":{"line":73,"column":1},"end":{"line":89,"column":1}}]},"16":{"type":"branch","line":80,"loc":{"start":{"line":80,"column":3},"end":{"line":87,"column":3}},"locations":[{"start":{"line":80,"column":3},"end":{"line":87,"column":3}}]},"17":{"type":"branch","line":83,"loc":{"start":{"line":83,"column":2},"end":{"line":87,"column":3}},"locations":[{"start":{"line":83,"column":2},"end":{"line":87,"column":3}}]},"18":{"type":"branch","line":89,"loc":{"start":{"line":89,"column":0},"end":{"line":89,"column":1}},"locations":[{"start":{"line":89,"column":0},"end":{"line":89,"column":1}}]}},"b":{"0":[2],"1":[11],"2":[10],"3":[9],"4":[4],"5":[6],"6":[1],"7":[4],"8":[1],"9":[3],"10":[0],"11":[4],"12":[2],"13":[4],"14":[2],"15":[3],"16":[2],"17":[1],"18":[2]},"fnMap":{"0":{"name":"UserUseCases","decl":{"start":{"line":8,"column":1},"end":{"line":8,"column":43}},"loc":{"start":{"line":8,"column":1},"end":{"line":8,"column":43}},"line":8},"1":{"name":"getOneUser","decl":{"start":{"line":10,"column":1},"end":{"line":27,"column":2}},"loc":{"start":{"line":10,"column":1},"end":{"line":27,"column":2}},"line":10},"2":{"name":"getManyUsers","decl":{"start":{"line":29,"column":1},"end":{"line":45,"column":2}},"loc":{"start":{"line":29,"column":1},"end":{"line":45,"column":2}},"line":29},"3":{"name":"createNewUser","decl":{"start":{"line":47,"column":1},"end":{"line":58,"column":2}},"loc":{"start":{"line":47,"column":1},"end":{"line":58,"column":2}},"line":47},"4":{"name":"updateUser","decl":{"start":{"line":60,"column":1},"end":{"line":71,"column":2}},"loc":{"start":{"line":60,"column":1},"end":{"line":71,"column":2}},"line":60},"5":{"name":"deleteUser","decl":{"start":{"line":73,"column":1},"end":{"line":89,"column":1}},"loc":{"start":{"line":73,"column":1},"end":{"line":89,"column":1}},"line":73},"6":{"name":"get","decl":{"start":{"line":89,"column":0},"end":{"line":89,"column":1}},"loc":{"start":{"line":89,"column":0},"end":{"line":89,"column":1}},"line":89}},"f":{"0":2,"1":11,"2":4,"3":4,"4":4,"5":3,"6":2}}
,"D:\\Portal\\Prog\\cleanCall\\backend\\src\\infra\\controllers\\user.controllers.ts": {"path":"D:\\Portal\\Prog\\cleanCall\\backend\\src\\infra\\controllers\\user.controllers.ts","all":false,"statementMap":{"0":{"start":{"line":1,"column":0},"end":{"line":1,"column":71}},"1":{"start":{"line":2,"column":0},"end":{"line":2,"column":54}},"2":{"start":{"line":3,"column":0},"end":{"line":3,"column":66}},"3":{"start":{"line":4,"column":0},"end":{"line":4,"column":0}},"4":{"start":{"line":5,"column":0},"end":{"line":5,"column":29}},"5":{"start":{"line":6,"column":0},"end":{"line":6,"column":51}},"6":{"start":{"line":7,"column":0},"end":{"line":7,"column":0}},"7":{"start":{"line":8,"column":0},"end":{"line":8,"column":39}},"8":{"start":{"line":9,"column":0},"end":{"line":9,"column":23}},"9":{"start":{"line":10,"column":0},"end":{"line":10,"column":34}},"10":{"start":{"line":11,"column":0},"end":{"line":11,"column":2}},"11":{"start":{"line":12,"column":0},"end":{"line":12,"column":0}},"12":{"start":{"line":13,"column":0},"end":{"line":13,"column":55}},"13":{"start":{"line":14,"column":0},"end":{"line":14,"column":40}},"14":{"start":{"line":15,"column":0},"end":{"line":15,"column":56}},"15":{"start":{"line":16,"column":0},"end":{"line":16,"column":10}},"16":{"start":{"line":17,"column":0},"end":{"line":17,"column":16}},"17":{"start":{"line":18,"column":0},"end":{"line":18,"column":64}},"18":{"start":{"line":19,"column":0},"end":{"line":19,"column":47}},"19":{"start":{"line":20,"column":0},"end":{"line":20,"column":5}},"20":{"start":{"line":21,"column":0},"end":{"line":21,"column":4}},"21":{"start":{"line":22,"column":0},"end":{"line":22,"column":79}},"22":{"start":{"line":23,"column":0},"end":{"line":23,"column":0}},"23":{"start":{"line":24,"column":0},"end":{"line":24,"column":18}},"24":{"start":{"line":25,"column":0},"end":{"line":25,"column":2}},"25":{"start":{"line":26,"column":0},"end":{"line":26,"column":0}},"26":{"start":{"line":27,"column":0},"end":{"line":27,"column":60}},"27":{"start":{"line":28,"column":0},"end":{"line":28,"column":59}},"28":{"start":{"line":29,"column":0},"end":{"line":29,"column":18}},"29":{"start":{"line":30,"column":0},"end":{"line":30,"column":4}},"30":{"start":{"line":31,"column":0},"end":{"line":31,"column":2}},"31":{"start":{"line":32,"column":0},"end":{"line":32,"column":19}},"32":{"start":{"line":33,"column":0},"end":{"line":33,"column":2}},"33":{"start":{"line":34,"column":0},"end":{"line":34,"column":0}},"34":{"start":{"line":35,"column":0},"end":{"line":35,"column":58}},"35":{"start":{"line":36,"column":0},"end":{"line":36,"column":61}},"36":{"start":{"line":37,"column":0},"end":{"line":37,"column":18}},"37":{"start":{"line":38,"column":0},"end":{"line":38,"column":4}},"38":{"start":{"line":39,"column":0},"end":{"line":39,"column":83}},"39":{"start":{"line":40,"column":0},"end":{"line":40,"column":20}},"40":{"start":{"line":41,"column":0},"end":{"line":41,"column":2}},"41":{"start":{"line":42,"column":0},"end":{"line":42,"column":0}},"42":{"start":{"line":43,"column":0},"end":{"line":43,"column":58}},"43":{"start":{"line":44,"column":0},"end":{"line":44,"column":58}},"44":{"start":{"line":45,"column":0},"end":{"line":45,"column":18}},"45":{"start":{"line":46,"column":0},"end":{"line":46,"column":4}},"46":{"start":{"line":47,"column":0},"end":{"line":47,"column":83}},"47":{"start":{"line":48,"column":0},"end":{"line":48,"column":20}},"48":{"start":{"line":49,"column":0},"end":{"line":49,"column":2}},"49":{"start":{"line":50,"column":0},"end":{"line":50,"column":0}},"50":{"start":{"line":51,"column":0},"end":{"line":51,"column":29}},"51":{"start":{"line":52,"column":0},"end":{"line":52,"column":22}},"52":{"start":{"line":53,"column":0},"end":{"line":53,"column":28}},"53":{"start":{"line":54,"column":0},"end":{"line":54,"column":65}},"54":{"start":{"line":55,"column":0},"end":{"line":55,"column":0}},"55":{"start":{"line":56,"column":0},"end":{"line":56,"column":19}},"56":{"start":{"line":57,"column":0},"end":{"line":57,"column":2}},"57":{"start":{"line":58,"column":0},"end":{"line":58,"column":1}}},"s":{"0":1,"1":1,"2":1,"3":1,"4":1,"5":1,"6":1,"7":1,"8":0,"9":0,"10":0,"11":1,"12":1,"13":8,"14":8,"15":8,"16":8,"17":8,"18":8,"19":8,"20":8,"21":8,"22":5,"23":8,"24":8,"25":1,"26":1,"27":1,"28":1,"29":1,"30":1,"31":1,"32":1,"33":1,"34":1,"35":1,"36":1,"37":1,"38":1,"39":1,"40":1,"41":1,"42":1,"43":1,"44":1,"45":1,"46":1,"47":1,"48":1,"49":1,"50":1,"51":1,"52":1,"53":1,"54":1,"55":1,"56":1,"57":1},"branchMap":{"0":{"type":"branch","line":6,"loc":{"start":{"line":6,"column":1},"end":{"line":6,"column":51}},"locations":[{"start":{"line":6,"column":1},"end":{"line":6,"column":51}}]},"1":{"type":"branch","line":13,"loc":{"start":{"line":13,"column":1},"end":{"line":25,"column":2}},"locations":[{"start":{"line":13,"column":1},"end":{"line":25,"column":2}}]},"2":{"type":"branch","line":18,"loc":{"start":{"line":18,"column":20},"end":{"line":18,"column":32}},"locations":[{"start":{"line":18,"column":20},"end":{"line":18,"column":32}}]},"3":{"type":"branch","line":18,"loc":{"start":{"line":18,"column":25},"end":{"line":18,"column":64}},"locations":[{"start":{"line":18,"column":25},"end":{"line":18,"column":64}}]},"4":{"type":"branch","line":19,"loc":{"start":{"line":19,"column":23},"end":{"line":19,"column":47}},"locations":[{"start":{"line":19,"column":23},"end":{"line":19,"column":47}}]},"5":{"type":"branch","line":22,"loc":{"start":{"line":22,"column":49},"end":{"line":24,"column":9}},"locations":[{"start":{"line":22,"column":49},"end":{"line":24,"column":9}}]},"6":{"type":"branch","line":27,"loc":{"start":{"line":27,"column":1},"end":{"line":33,"column":2}},"locations":[{"start":{"line":27,"column":1},"end":{"line":33,"column":2}}]},"7":{"type":"branch","line":35,"loc":{"start":{"line":35,"column":1},"end":{"line":41,"column":2}},"locations":[{"start":{"line":35,"column":1},"end":{"line":41,"column":2}}]},"8":{"type":"branch","line":43,"loc":{"start":{"line":43,"column":1},"end":{"line":49,"column":2}},"locations":[{"start":{"line":43,"column":1},"end":{"line":49,"column":2}}]},"9":{"type":"branch","line":51,"loc":{"start":{"line":51,"column":1},"end":{"line":58,"column":1}},"locations":[{"start":{"line":51,"column":1},"end":{"line":58,"column":1}}]},"10":{"type":"branch","line":58,"loc":{"start":{"line":58,"column":0},"end":{"line":58,"column":1}},"locations":[{"start":{"line":58,"column":0},"end":{"line":58,"column":1}}]}},"b":{"0":[1],"1":[8],"2":[1],"3":[7],"4":[7],"5":[5],"6":[1],"7":[1],"8":[1],"9":[1],"10":[1]},"fnMap":{"0":{"name":"UserController","decl":{"start":{"line":6,"column":1},"end":{"line":6,"column":51}},"loc":{"start":{"line":6,"column":1},"end":{"line":6,"column":51}},"line":6},"1":{"name":"validateInput","decl":{"start":{"line":8,"column":1},"end":{"line":11,"column":2}},"loc":{"start":{"line":8,"column":1},"end":{"line":11,"column":2}},"line":8},"2":{"name":"getUser","decl":{"start":{"line":13,"column":1},"end":{"line":25,"column":2}},"loc":{"start":{"line":13,"column":1},"end":{"line":25,"column":2}},"line":13},"3":{"name":"getManyUsers","decl":{"start":{"line":27,"column":1},"end":{"line":33,"column":2}},"loc":{"start":{"line":27,"column":1},"end":{"line":33,"column":2}},"line":27},"4":{"name":"createUser","decl":{"start":{"line":35,"column":1},"end":{"line":41,"column":2}},"loc":{"start":{"line":35,"column":1},"end":{"line":41,"column":2}},"line":35},"5":{"name":"updateUser","decl":{"start":{"line":43,"column":1},"end":{"line":49,"column":2}},"loc":{"start":{"line":43,"column":1},"end":{"line":49,"column":2}},"line":43},"6":{"name":"deleteUser","decl":{"start":{"line":51,"column":1},"end":{"line":58,"column":1}},"loc":{"start":{"line":51,"column":1},"end":{"line":58,"column":1}},"line":51},"7":{"name":"get","decl":{"start":{"line":58,"column":0},"end":{"line":58,"column":1}},"loc":{"start":{"line":58,"column":0},"end":{"line":58,"column":1}},"line":58}},"f":{"0":1,"1":0,"2":8,"3":1,"4":1,"5":1,"6":1,"7":1}}
,"D:\\Portal\\Prog\\cleanCall\\backend\\src\\infra\\controllers\\routes\\user.router.ts": {"path":"D:\\Portal\\Prog\\cleanCall\\backend\\src\\infra\\controllers\\routes\\user.router.ts","all":false,"statementMap":{"0":{"start":{"line":1,"column":0},"end":{"line":1,"column":60}},"1":{"start":{"line":2,"column":0},"end":{"line":2,"column":57}},"2":{"start":{"line":3,"column":0},"end":{"line":3,"column":69}},"3":{"start":{"line":4,"column":0},"end":{"line":4,"column":52}},"4":{"start":{"line":5,"column":0},"end":{"line":5,"column":79}},"5":{"start":{"line":6,"column":0},"end":{"line":6,"column":84}},"6":{"start":{"line":7,"column":0},"end":{"line":7,"column":60}},"7":{"start":{"line":8,"column":0},"end":{"line":8,"column":50}},"8":{"start":{"line":9,"column":0},"end":{"line":9,"column":64}},"9":{"start":{"line":10,"column":0},"end":{"line":10,"column":64}},"10":{"start":{"line":11,"column":0},"end":{"line":11,"column":70}},"11":{"start":{"line":12,"column":0},"end":{"line":12,"column":60}},"12":{"start":{"line":13,"column":0},"end":{"line":13,"column":74}},"13":{"start":{"line":14,"column":0},"end":{"line":14,"column":99}},"14":{"start":{"line":15,"column":0},"end":{"line":15,"column":45}},"15":{"start":{"line":16,"column":0},"end":{"line":16,"column":70}},"16":{"start":{"line":17,"column":0},"end":{"line":17,"column":34}},"17":{"start":{"line":18,"column":0},"end":{"line":18,"column":58}},"18":{"start":{"line":19,"column":0},"end":{"line":19,"column":58}},"19":{"start":{"line":20,"column":0},"end":{"line":20,"column":59}},"20":{"start":{"line":21,"column":0},"end":{"line":21,"column":58}},"21":{"start":{"line":22,"column":0},"end":{"line":22,"column":63}},"22":{"start":{"line":23,"column":0},"end":{"line":23,"column":0}},"23":{"start":{"line":24,"column":0},"end":{"line":24,"column":37}},"24":{"start":{"line":25,"column":0},"end":{"line":25,"column":0}},"25":{"start":{"line":26,"column":0},"end":{"line":26,"column":30}},"26":{"start":{"line":27,"column":0},"end":{"line":27,"column":36}},"27":{"start":{"line":28,"column":0},"end":{"line":28,"column":32}},"28":{"start":{"line":29,"column":0},"end":{"line":29,"column":8}},"29":{"start":{"line":30,"column":0},"end":{"line":30,"column":34}},"30":{"start":{"line":31,"column":0},"end":{"line":31,"column":1}},"31":{"start":{"line":32,"column":0},"end":{"line":32,"column":0}},"32":{"start":{"line":33,"column":0},"end":{"line":33,"column":78}},"33":{"start":{"line":34,"column":0},"end":{"line":34,"column":0}},"34":{"start":{"line":35,"column":0},"end":{"line":35,"column":62}},"35":{"start":{"line":36,"column":0},"end":{"line":36,"column":11}},"36":{"start":{"line":37,"column":0},"end":{"line":37,"column":18}},"37":{"start":{"line":38,"column":0},"end":{"line":38,"column":39}},"38":{"start":{"line":39,"column":0},"end":{"line":39,"column":23}},"39":{"start":{"line":40,"column":0},"end":{"line":40,"column":11}},"40":{"start":{"line":41,"column":0},"end":{"line":41,"column":15}},"41":{"start":{"line":42,"column":0},"end":{"line":42,"column":44}},"42":{"start":{"line":43,"column":0},"end":{"line":43,"column":8}},"43":{"start":{"line":44,"column":0},"end":{"line":44,"column":12}},"44":{"start":{"line":45,"column":0},"end":{"line":45,"column":17}},"45":{"start":{"line":46,"column":0},"end":{"line":46,"column":22}},"46":{"start":{"line":47,"column":0},"end":{"line":47,"column":19}},"47":{"start":{"line":48,"column":0},"end":{"line":48,"column":13}},"48":{"start":{"line":49,"column":0},"end":{"line":49,"column":2}},"49":{"start":{"line":50,"column":0},"end":{"line":50,"column":47}},"50":{"start":{"line":51,"column":0},"end":{"line":51,"column":23}}},"s":{"0":1,"1":1,"2":1,"3":1,"4":1,"5":1,"6":1,"7":1,"8":1,"9":1,"10":1,"11":1,"12":1,"13":1,"14":1,"15":1,"16":1,"17":1,"18":1,"19":1,"20":1,"21":1,"22":1,"23":1,"24":1,"25":1,"26":1,"27":1,"28":0,"29":0,"30":0,"31":0,"32":1,"33":1,"34":1,"35":1,"36":1,"37":1,"38":1,"39":1,"40":1,"41":1,"42":1,"43":1,"44":1,"45":1,"46":1,"47":1,"48":1,"49":1,"50":1},"branchMap":{"0":{"type":"branch","line":29,"loc":{"start":{"line":29,"column":0},"end":{"line":33,"column":13}},"locations":[{"start":{"line":29,"column":0},"end":{"line":33,"column":13}}]},"1":{"type":"branch","line":24,"loc":{"start":{"line":24,"column":36},"end":{"line":24,"column":37}},"locations":[{"start":{"line":24,"column":36},"end":{"line":24,"column":37}}]},"2":{"type":"branch","line":26,"loc":{"start":{"line":26,"column":11},"end":{"line":26,"column":30}},"locations":[{"start":{"line":26,"column":11},"end":{"line":26,"column":30}}]},"3":{"type":"branch","line":33,"loc":{"start":{"line":33,"column":77},"end":{"line":33,"column":78}},"locations":[{"start":{"line":33,"column":77},"end":{"line":33,"column":78}}]}},"b":{"0":[0],"1":[1],"2":[5],"3":[12]},"fnMap":{"0":{"name":"get","decl":{"start":{"line":24,"column":36},"end":{"line":24,"column":37}},"loc":{"start":{"line":24,"column":36},"end":{"line":24,"column":37}},"line":24},"1":{"name":"get","decl":{"start":{"line":26,"column":11},"end":{"line":26,"column":30}},"loc":{"start":{"line":26,"column":11},"end":{"line":26,"column":30}},"line":26},"2":{"name":"get","decl":{"start":{"line":33,"column":77},"end":{"line":33,"column":78}},"loc":{"start":{"line":33,"column":77},"end":{"line":33,"column":78}},"line":33}},"f":{"0":1,"1":5,"2":12}}
,"D:\\Portal\\Prog\\cleanCall\\backend\\src\\infra\\controllers\\routes\\middleware\\checkCreateUserInfo.ts": {"path":"D:\\Portal\\Prog\\cleanCall\\backend\\src\\infra\\controllers\\routes\\middleware\\checkCreateUserInfo.ts","all":false,"statementMap":{"0":{"start":{"line":1,"column":0},"end":{"line":1,"column":57}},"1":{"start":{"line":2,"column":0},"end":{"line":2,"column":42}},"2":{"start":{"line":3,"column":0},"end":{"line":3,"column":0}},"3":{"start":{"line":4,"column":0},"end":{"line":4,"column":42}},"4":{"start":{"line":5,"column":0},"end":{"line":5,"column":14}},"5":{"start":{"line":6,"column":0},"end":{"line":6,"column":15}},"6":{"start":{"line":7,"column":0},"end":{"line":7,"column":20}},"7":{"start":{"line":8,"column":0},"end":{"line":8,"column":6}},"8":{"start":{"line":9,"column":0},"end":{"line":9,"column":26}},"9":{"start":{"line":10,"column":0},"end":{"line":10,"column":97}},"10":{"start":{"line":11,"column":0},"end":{"line":11,"column":2}},"11":{"start":{"line":12,"column":0},"end":{"line":12,"column":0}},"12":{"start":{"line":13,"column":0},"end":{"line":13,"column":6}},"13":{"start":{"line":14,"column":0},"end":{"line":14,"column":53}},"14":{"start":{"line":15,"column":0},"end":{"line":15,"column":10}},"15":{"start":{"line":16,"column":0},"end":{"line":16,"column":22}},"16":{"start":{"line":17,"column":0},"end":{"line":17,"column":55}},"17":{"start":{"line":18,"column":0},"end":{"line":18,"column":5}},"18":{"start":{"line":19,"column":0},"end":{"line":19,"column":4}},"19":{"start":{"line":20,"column":0},"end":{"line":20,"column":27}},"20":{"start":{"line":21,"column":0},"end":{"line":21,"column":13}},"21":{"start":{"line":22,"column":0},"end":{"line":22,"column":16}},"22":{"start":{"line":23,"column":0},"end":{"line":23,"column":60}},"23":{"start":{"line":24,"column":0},"end":{"line":24,"column":3}},"24":{"start":{"line":25,"column":0},"end":{"line":25,"column":2}},"25":{"start":{"line":26,"column":0},"end":{"line":26,"column":23}},"26":{"start":{"line":27,"column":0},"end":{"line":27,"column":51}},"27":{"start":{"line":28,"column":0},"end":{"line":28,"column":11}},"28":{"start":{"line":29,"column":0},"end":{"line":29,"column":20}},"29":{"start":{"line":30,"column":0},"end":{"line":30,"column":13}},"30":{"start":{"line":31,"column":0},"end":{"line":31,"column":31}},"31":{"start":{"line":32,"column":0},"end":{"line":32,"column":7}},"32":{"start":{"line":33,"column":0},"end":{"line":33,"column":6}},"33":{"start":{"line":34,"column":0},"end":{"line":34,"column":5}},"34":{"start":{"line":35,"column":0},"end":{"line":35,"column":25}},"35":{"start":{"line":36,"column":0},"end":{"line":36,"column":14}},"36":{"start":{"line":37,"column":0},"end":{"line":37,"column":17}},"37":{"start":{"line":38,"column":0},"end":{"line":38,"column":67}},"38":{"start":{"line":39,"column":0},"end":{"line":39,"column":4}},"39":{"start":{"line":40,"column":0},"end":{"line":40,"column":3}},"40":{"start":{"line":41,"column":0},"end":{"line":41,"column":8}},"41":{"start":{"line":42,"column":0},"end":{"line":42,"column":31}},"42":{"start":{"line":43,"column":0},"end":{"line":43,"column":65}},"43":{"start":{"line":44,"column":0},"end":{"line":44,"column":2}},"44":{"start":{"line":45,"column":0},"end":{"line":45,"column":1}}},"s":{"0":1,"1":1,"2":1,"3":1,"4":1,"5":1,"6":1,"7":1,"8":1,"9":0,"10":0,"11":0,"12":1,"13":1,"14":1,"15":1,"16":1,"17":1,"18":1,"19":1,"20":0,"21":0,"22":0,"23":0,"24":0,"25":1,"26":0,"27":0,"28":0,"29":0,"30":0,"31":0,"32":0,"33":0,"34":0,"35":0,"36":0,"37":0,"38":0,"39":0,"40":1,"41":1,"42":0,"43":0,"44":1},"branchMap":{"0":{"type":"branch","line":4,"loc":{"start":{"line":4,"column":35},"end":{"line":45,"column":1}},"locations":[{"start":{"line":4,"column":35},"end":{"line":45,"column":1}}]},"1":{"type":"branch","line":9,"loc":{"start":{"line":9,"column":25},"end":{"line":13,"column":5}},"locations":[{"start":{"line":9,"column":25},"end":{"line":13,"column":5}}]},"2":{"type":"branch","line":20,"loc":{"start":{"line":20,"column":26},"end":{"line":26,"column":6}},"locations":[{"start":{"line":20,"column":26},"end":{"line":26,"column":6}}]},"3":{"type":"branch","line":26,"loc":{"start":{"line":26,"column":22},"end":{"line":41,"column":7}},"locations":[{"start":{"line":26,"column":22},"end":{"line":41,"column":7}}]},"4":{"type":"branch","line":42,"loc":{"start":{"line":42,"column":1},"end":{"line":45,"column":1}},"locations":[{"start":{"line":42,"column":1},"end":{"line":45,"column":1}}]},"5":{"type":"branch","line":45,"loc":{"start":{"line":45,"column":0},"end":{"line":45,"column":1}},"locations":[{"start":{"line":45,"column":0},"end":{"line":45,"column":1}}]}},"b":{"0":[1],"1":[0],"2":[0],"3":[0],"4":[0],"5":[1]},"fnMap":{"0":{"name":"checkCreateUserInfo","decl":{"start":{"line":4,"column":35},"end":{"line":45,"column":1}},"loc":{"start":{"line":4,"column":35},"end":{"line":45,"column":1}},"line":4},"1":{"name":"get","decl":{"start":{"line":45,"column":0},"end":{"line":45,"column":1}},"loc":{"start":{"line":45,"column":0},"end":{"line":45,"column":1}},"line":45}},"f":{"0":1,"1":1}}
,"D:\\Portal\\Prog\\cleanCall\\backend\\src\\infra\\controllers\\routes\\middleware\\checkIdIsValid.ts": {"path":"D:\\Portal\\Prog\\cleanCall\\backend\\src\\infra\\controllers\\routes\\middleware\\checkIdIsValid.ts","all":false,"statementMap":{"0":{"start":{"line":1,"column":0},"end":{"line":1,"column":57}},"1":{"start":{"line":2,"column":0},"end":{"line":2,"column":31}},"2":{"start":{"line":3,"column":0},"end":{"line":3,"column":63}},"3":{"start":{"line":4,"column":0},"end":{"line":4,"column":42}},"4":{"start":{"line":5,"column":0},"end":{"line":5,"column":0}},"5":{"start":{"line":6,"column":0},"end":{"line":6,"column":31}},"6":{"start":{"line":7,"column":0},"end":{"line":7,"column":14}},"7":{"start":{"line":8,"column":0},"end":{"line":8,"column":15}},"8":{"start":{"line":9,"column":0},"end":{"line":9,"column":20}},"9":{"start":{"line":10,"column":0},"end":{"line":10,"column":6}},"10":{"start":{"line":11,"column":0},"end":{"line":11,"column":49}},"11":{"start":{"line":12,"column":0},"end":{"line":12,"column":0}},"12":{"start":{"line":13,"column":0},"end":{"line":13,"column":6}},"13":{"start":{"line":14,"column":0},"end":{"line":14,"column":38}},"14":{"start":{"line":15,"column":0},"end":{"line":15,"column":48}},"15":{"start":{"line":16,"column":0},"end":{"line":16,"column":63}},"16":{"start":{"line":17,"column":0},"end":{"line":17,"column":11}},"17":{"start":{"line":18,"column":0},"end":{"line":18,"column":12}},"18":{"start":{"line":19,"column":0},"end":{"line":19,"column":27}},"19":{"start":{"line":20,"column":0},"end":{"line":20,"column":23}},"20":{"start":{"line":21,"column":0},"end":{"line":21,"column":27}},"21":{"start":{"line":22,"column":0},"end":{"line":22,"column":7}},"22":{"start":{"line":23,"column":0},"end":{"line":23,"column":5}},"23":{"start":{"line":24,"column":0},"end":{"line":24,"column":11}},"24":{"start":{"line":25,"column":0},"end":{"line":25,"column":68}},"25":{"start":{"line":26,"column":0},"end":{"line":26,"column":4}},"26":{"start":{"line":27,"column":0},"end":{"line":27,"column":10}},"27":{"start":{"line":28,"column":0},"end":{"line":28,"column":54}},"28":{"start":{"line":29,"column":0},"end":{"line":29,"column":10}},"29":{"start":{"line":30,"column":0},"end":{"line":30,"column":11}},"30":{"start":{"line":31,"column":0},"end":{"line":31,"column":68}},"31":{"start":{"line":32,"column":0},"end":{"line":32,"column":4}},"32":{"start":{"line":33,"column":0},"end":{"line":33,"column":3}},"33":{"start":{"line":34,"column":0},"end":{"line":34,"column":18}},"34":{"start":{"line":35,"column":0},"end":{"line":35,"column":24}},"35":{"start":{"line":36,"column":0},"end":{"line":36,"column":20}},"36":{"start":{"line":37,"column":0},"end":{"line":37,"column":44}},"37":{"start":{"line":38,"column":0},"end":{"line":38,"column":4}},"38":{"start":{"line":39,"column":0},"end":{"line":39,"column":2}},"39":{"start":{"line":40,"column":0},"end":{"line":40,"column":1}}},"s":{"0":1,"1":1,"2":1,"3":1,"4":1,"5":1,"6":1,"7":3,"8":3,"9":3,"10":3,"11":3,"12":3,"13":3,"14":3,"15":3,"16":3,"17":3,"18":0,"19":0,"20":0,"21":0,"22":0,"23":3,"24":0,"25":0,"26":3,"27":0,"28":0,"29":0,"30":0,"31":0,"32":0,"33":3,"34":0,"35":0,"36":0,"37":0,"38":0,"39":3},"branchMap":{"0":{"type":"branch","line":7,"loc":{"start":{"line":7,"column":1},"end":{"line":40,"column":1}},"locations":[{"start":{"line":7,"column":1},"end":{"line":40,"column":1}}]},"1":{"type":"branch","line":11,"loc":{"start":{"line":11,"column":32},"end":{"line":11,"column":49}},"locations":[{"start":{"line":11,"column":32},"end":{"line":11,"column":49}}]},"2":{"type":"branch","line":18,"loc":{"start":{"line":18,"column":4},"end":{"line":23,"column":5}},"locations":[{"start":{"line":18,"column":4},"end":{"line":23,"column":5}}]},"3":{"type":"branch","line":24,"loc":{"start":{"line":24,"column":3},"end":{"line":26,"column":4}},"locations":[{"start":{"line":24,"column":3},"end":{"line":26,"column":4}}]},"4":{"type":"branch","line":27,"loc":{"start":{"line":27,"column":2},"end":{"line":33,"column":3}},"locations":[{"start":{"line":27,"column":2},"end":{"line":33,"column":3}}]},"5":{"type":"branch","line":34,"loc":{"start":{"line":34,"column":1},"end":{"line":40,"column":1}},"locations":[{"start":{"line":34,"column":1},"end":{"line":40,"column":1}}]},"6":{"type":"branch","line":40,"loc":{"start":{"line":40,"column":0},"end":{"line":40,"column":1}},"locations":[{"start":{"line":40,"column":0},"end":{"line":40,"column":1}}]}},"b":{"0":[3],"1":[0],"2":[0],"3":[0],"4":[0],"5":[0],"6":[3]},"fnMap":{"0":{"name":"checkIdIsValid","decl":{"start":{"line":7,"column":1},"end":{"line":40,"column":1}},"loc":{"start":{"line":7,"column":1},"end":{"line":40,"column":1}},"line":7},"1":{"name":"get","decl":{"start":{"line":40,"column":0},"end":{"line":40,"column":1}},"loc":{"start":{"line":40,"column":0},"end":{"line":40,"column":1}},"line":40}},"f":{"0":3,"1":3}}
,"D:\\Portal\\Prog\\cleanCall\\backend\\src\\infra\\controllers\\routes\\middleware\\checkUniqueEmail.ts": {"path":"D:\\Portal\\Prog\\cleanCall\\backend\\src\\infra\\controllers\\routes\\middleware\\checkUniqueEmail.ts","all":false,"statementMap":{"0":{"start":{"line":1,"column":0},"end":{"line":1,"column":57}},"1":{"start":{"line":2,"column":0},"end":{"line":2,"column":42}},"2":{"start":{"line":3,"column":0},"end":{"line":3,"column":0}},"3":{"start":{"line":4,"column":0},"end":{"line":4,"column":39}},"4":{"start":{"line":5,"column":0},"end":{"line":5,"column":14}},"5":{"start":{"line":6,"column":0},"end":{"line":6,"column":15}},"6":{"start":{"line":7,"column":0},"end":{"line":7,"column":20}},"7":{"start":{"line":8,"column":0},"end":{"line":8,"column":6}},"8":{"start":{"line":9,"column":0},"end":{"line":9,"column":9}},"9":{"start":{"line":10,"column":0},"end":{"line":10,"column":29}},"10":{"start":{"line":11,"column":0},"end":{"line":11,"column":125}},"11":{"start":{"line":12,"column":0},"end":{"line":12,"column":61}},"12":{"start":{"line":13,"column":0},"end":{"line":13,"column":61}},"13":{"start":{"line":14,"column":0},"end":{"line":14,"column":26}},"14":{"start":{"line":15,"column":0},"end":{"line":15,"column":24}},"15":{"start":{"line":16,"column":0},"end":{"line":16,"column":42}},"16":{"start":{"line":17,"column":0},"end":{"line":17,"column":41}},"17":{"start":{"line":18,"column":0},"end":{"line":18,"column":58}},"18":{"start":{"line":19,"column":0},"end":{"line":19,"column":22}},"19":{"start":{"line":20,"column":0},"end":{"line":20,"column":17}},"20":{"start":{"line":21,"column":0},"end":{"line":21,"column":20}},"21":{"start":{"line":22,"column":0},"end":{"line":22,"column":22}},"22":{"start":{"line":23,"column":0},"end":{"line":23,"column":13}},"23":{"start":{"line":24,"column":0},"end":{"line":24,"column":16}},"24":{"start":{"line":25,"column":0},"end":{"line":25,"column":18}},"25":{"start":{"line":26,"column":0},"end":{"line":26,"column":9}},"26":{"start":{"line":27,"column":0},"end":{"line":27,"column":21}},"27":{"start":{"line":28,"column":0},"end":{"line":28,"column":97}},"28":{"start":{"line":29,"column":0},"end":{"line":29,"column":5}},"29":{"start":{"line":30,"column":0},"end":{"line":30,"column":1}}},"s":{"0":1,"1":1,"2":1,"3":1,"4":1,"5":1,"6":1,"7":1,"8":1,"9":1,"10":0,"11":0,"12":0,"13":0,"14":0,"15":0,"16":0,"17":0,"18":0,"19":0,"20":0,"21":0,"22":0,"23":1,"24":1,"25":1,"26":1,"27":0,"28":0,"29":1},"branchMap":{"0":{"type":"branch","line":4,"loc":{"start":{"line":4,"column":32},"end":{"line":30,"column":1}},"locations":[{"start":{"line":4,"column":32},"end":{"line":30,"column":1}}]},"1":{"type":"branch","line":10,"loc":{"start":{"line":10,"column":28},"end":{"line":24,"column":15}},"locations":[{"start":{"line":10,"column":28},"end":{"line":24,"column":15}}]},"2":{"type":"branch","line":27,"loc":{"start":{"line":27,"column":4},"end":{"line":30,"column":1}},"locations":[{"start":{"line":27,"column":4},"end":{"line":30,"column":1}}]},"3":{"type":"branch","line":30,"loc":{"start":{"line":30,"column":0},"end":{"line":30,"column":1}},"locations":[{"start":{"line":30,"column":0},"end":{"line":30,"column":1}}]}},"b":{"0":[1],"1":[0],"2":[0],"3":[1]},"fnMap":{"0":{"name":"checkUniqueEmail","decl":{"start":{"line":4,"column":32},"end":{"line":30,"column":1}},"loc":{"start":{"line":4,"column":32},"end":{"line":30,"column":1}},"line":4},"1":{"name":"get","decl":{"start":{"line":30,"column":0},"end":{"line":30,"column":1}},"loc":{"start":{"line":30,"column":0},"end":{"line":30,"column":1}},"line":30}},"f":
[...]
"line":112,"column":0},"end":{"line":112,"column":34}},"112":{"start":{"line":113,"column":0},"end":{"line":113,"column":6}},"113":{"start":{"line":114,"column":0},"end":{"line":114,"column":22}},"114":{"start":{"line":115,"column":0},"end":{"line":115,"column":43}},"115":{"start":{"line":116,"column":0},"end":{"line":116,"column":86}},"116":{"start":{"line":117,"column":0},"end":{"line":117,"column":22}},"117":{"start":{"line":118,"column":0},"end":{"line":118,"column":4}},"118":{"start":{"line":119,"column":0},"end":{"line":119,"column":19}},"119":{"start":{"line":120,"column":0},"end":{"line":120,"column":96}},"120":{"start":{"line":121,"column":0},"end":{"line":121,"column":35}},"121":{"start":{"line":122,"column":0},"end":{"line":122,"column":3}},"122":{"start":{"line":123,"column":0},"end":{"line":123,"column":2}},"123":{"start":{"line":124,"column":0},"end":{"line":124,"column":0}},"124":{"start":{"line":125,"column":0},"end":{"line":125,"column":60}},"125":{"start":{"line":126,"column":0},"end":{"line":126,"column":40}},"126":{"start":{"line":127,"column":0},"end":{"line":127,"column":38}},"127":{"start":{"line":128,"column":0},"end":{"line":128,"column":38}},"128":{"start":{"line":129,"column":0},"end":{"line":129,"column":4}},"129":{"start":{"line":130,"column":0},"end":{"line":130,"column":3}},"130":{"start":{"line":131,"column":0},"end":{"line":131,"column":0}},"131":{"start":{"line":132,"column":0},"end":{"line":132,"column":50}},"132":{"start":{"line":133,"column":0},"end":{"line":133,"column":32}},"133":{"start":{"line":134,"column":0},"end":{"line":134,"column":66}},"134":{"start":{"line":135,"column":0},"end":{"line":135,"column":3}},"135":{"start":{"line":136,"column":0},"end":{"line":136,"column":0}},"136":{"start":{"line":137,"column":0},"end":{"line":137,"column":7}},"137":{"start":{"line":138,"column":0},"end":{"line":138,"column":16}},"138":{"start":{"line":139,"column":0},"end":{"line":139,"column":42}},"139":{"start":{"line":140,"column":0},"end":{"line":140,"column":72}},"140":{"start":{"line":141,"column":0},"end":{"line":141,"column":13}},"141":{"start":{"line":142,"column":0},"end":{"line":142,"column":58}},"142":{"start":{"line":143,"column":0},"end":{"line":143,"column":7}},"143":{"start":{"line":144,"column":0},"end":{"line":144,"column":6}},"144":{"start":{"line":145,"column":0},"end":{"line":145,"column":4}},"145":{"start":{"line":146,"column":0},"end":{"line":146,"column":19}},"146":{"start":{"line":147,"column":0},"end":{"line":147,"column":76}},"147":{"start":{"line":148,"column":0},"end":{"line":148,"column":11}},"148":{"start":{"line":149,"column":0},"end":{"line":149,"column":33}},"149":{"start":{"line":150,"column":0},"end":{"line":150,"column":17}},"150":{"start":{"line":151,"column":0},"end":{"line":151,"column":32}},"151":{"start":{"line":152,"column":0},"end":{"line":152,"column":20}},"152":{"start":{"line":153,"column":0},"end":{"line":153,"column":6}},"153":{"start":{"line":154,"column":0},"end":{"line":154,"column":4}},"154":{"start":{"line":155,"column":0},"end":{"line":155,"column":32}},"155":{"start":{"line":156,"column":0},"end":{"line":156,"column":93}},"156":{"start":{"line":157,"column":0},"end":{"line":157,"column":35}},"157":{"start":{"line":158,"column":0},"end":{"line":158,"column":3}},"158":{"start":{"line":159,"column":0},"end":{"line":159,"column":2}},"159":{"start":{"line":160,"column":0},"end":{"line":160,"column":56}},"160":{"start":{"line":161,"column":0},"end":{"line":161,"column":24}},"161":{"start":{"line":162,"column":0},"end":{"line":162,"column":0}},"162":{"start":{"line":163,"column":0},"end":{"line":163,"column":7}},"163":{"start":{"line":164,"column":0},"end":{"line":164,"column":31}},"164":{"start":{"line":165,"column":0},"end":{"line":165,"column":39}},"165":{"start":{"line":166,"column":0},"end":{"line":166,"column":27}},"166":{"start":{"line":167,"column":0},"end":{"line":167,"column":24}},"167":{"start":{"line":168,"column":0},"end":{"line":168,"column":5}},"168":{"start":{"line":169,"column":0},"end":{"line":169,"column":4}},"169":{"start":{"line":170,"column":0},"end":{"line":170,"column":0}},"170":{"start":{"line":171,"column":0},"end":{"line":171,"column":18}},"171":{"start":{"line":172,"column":0},"end":{"line":172,"column":42}},"172":{"start":{"line":173,"column":0},"end":{"line":173,"column":77}},"173":{"start":{"line":174,"column":0},"end":{"line":174,"column":12}},"174":{"start":{"line":175,"column":0},"end":{"line":175,"column":22}},"175":{"start":{"line":176,"column":0},"end":{"line":176,"column":38}},"176":{"start":{"line":177,"column":0},"end":{"line":177,"column":37}},"177":{"start":{"line":178,"column":0},"end":{"line":178,"column":7}},"178":{"start":{"line":179,"column":0},"end":{"line":179,"column":6}},"179":{"start":{"line":180,"column":0},"end":{"line":180,"column":4}},"180":{"start":{"line":181,"column":0},"end":{"line":181,"column":39}},"181":{"start":{"line":182,"column":0},"end":{"line":182,"column":19}},"182":{"start":{"line":183,"column":0},"end":{"line":183,"column":20}},"183":{"start":{"line":184,"column":0},"end":{"line":184,"column":6}},"184":{"start":{"line":185,"column":0},"end":{"line":185,"column":0}},"185":{"start":{"line":186,"column":0},"end":{"line":186,"column":21}},"186":{"start":{"line":187,"column":0},"end":{"line":187,"column":11}},"187":{"start":{"line":188,"column":0},"end":{"line":188,"column":63}},"188":{"start":{"line":189,"column":0},"end":{"line":189,"column":29}},"189":{"start":{"line":190,"column":0},"end":{"line":190,"column":0}},"190":{"start":{"line":191,"column":0},"end":{"line":191,"column":0}},"191":{"start":{"line":192,"column":0},"end":{"line":192,"column":32}},"192":{"start":{"line":193,"column":0},"end":{"line":193,"column":91}},"193":{"start":{"line":194,"column":0},"end":{"line":194,"column":35}},"194":{"start":{"line":195,"column":0},"end":{"line":195,"column":3}},"195":{"start":{"line":196,"column":0},"end":{"line":196,"column":2}},"196":{"start":{"line":197,"column":0},"end":{"line":197,"column":0}},"197":{"start":{"line":198,"column":0},"end":{"line":198,"column":56}},"198":{"start":{"line":199,"column":0},"end":{"line":199,"column":10}},"199":{"start":{"line":200,"column":0},"end":{"line":200,"column":31}},"200":{"start":{"line":201,"column":0},"end":{"line":201,"column":39}},"201":{"start":{"line":202,"column":0},"end":{"line":202,"column":27}},"202":{"start":{"line":203,"column":0},"end":{"line":203,"column":24}},"203":{"start":{"line":204,"column":0},"end":{"line":204,"column":5}},"204":{"start":{"line":205,"column":0},"end":{"line":205,"column":11}},"205":{"start":{"line":206,"column":0},"end":{"line":206,"column":37}},"206":{"start":{"line":207,"column":0},"end":{"line":207,"column":4}},"207":{"start":{"line":208,"column":0},"end":{"line":208,"column":3}},"208":{"start":{"line":209,"column":0},"end":{"line":209,"column":18}},"209":{"start":{"line":210,"column":0},"end":{"line":210,"column":42}},"210":{"start":{"line":211,"column":0},"end":{"line":211,"column":53}},"211":{"start":{"line":212,"column":0},"end":{"line":212,"column":72}},"212":{"start":{"line":213,"column":0},"end":{"line":213,"column":13}},"213":{"start":{"line":214,"column":0},"end":{"line":214,"column":26}},"214":{"start":{"line":215,"column":0},"end":{"line":215,"column":7}},"215":{"start":{"line":216,"column":0},"end":{"line":216,"column":12}},"216":{"start":{"line":217,"column":0},"end":{"line":217,"column":22}},"217":{"start":{"line":218,"column":0},"end":{"line":218,"column":7}},"218":{"start":{"line":219,"column":0},"end":{"line":219,"column":6}},"219":{"start":{"line":220,"column":0},"end":{"line":220,"column":32}},"220":{"start":{"line":221,"column":0},"end":{"line":221,"column":0}},"221":{"start":{"line":222,"column":0},"end":{"line":222,"column":57}},"222":{"start":{"line":223,"column":0},"end":{"line":223,"column":45}},"223":{"start":{"line":224,"column":0},"end":{"line":224,"column":20}},"224":{"start":{"line":225,"column":0},"end":{"line":225,"column":20}},"225":{"start":{"line":226,"column":0},"end":{"line":226,"column":6}},"226":{"start":{"line":227,"column":0},"end":{"line":227,"column":21}},"227":{"start":{"line":228,"column":0},"end":{"line":228,"column":50}},"228":{"start":{"line":229,"column":0},"end":{"line":229,"column":76}},"229":{"start":{"line":230,"column":0},"end":{"line":230,"column":4}},"230":{"start":{"line":231,"column":0},"end":{"line":231,"column":32}},"231":{"start":{"line":232,"column":0},"end":{"line":232,"column":91}},"232":{"start":{"line":233,"column":0},"end":{"line":233,"column":35}},"233":{"start":{"line":234,"column":0},"end":{"line":234,"column":3}},"234":{"start":{"line":235,"column":0},"end":{"line":235,"column":2}},"235":{"start":{"line":236,"column":0},"end":{"line":236,"column":0}},"236":{"start":{"line":237,"column":0},"end":{"line":237,"column":58}},"237":{"start":{"line":238,"column":0},"end":{"line":238,"column":7}},"238":{"start":{"line":239,"column":0},"end":{"line":239,"column":42}},"239":{"start":{"line":240,"column":0},"end":{"line":240,"column":77}},"240":{"start":{"line":241,"column":0},"end":{"line":241,"column":13}},"241":{"start":{"line":242,"column":0},"end":{"line":242,"column":46}},"242":{"start":{"line":243,"column":0},"end":{"line":243,"column":7}},"243":{"start":{"line":244,"column":0},"end":{"line":244,"column":6}},"244":{"start":{"line":245,"column":0},"end":{"line":245,"column":4}},"245":{"start":{"line":246,"column":0},"end":{"line":246,"column":19}},"246":{"start":{"line":247,"column":0},"end":{"line":247,"column":91}},"247":{"start":{"line":248,"column":0},"end":{"line":248,"column":35}},"248":{"start":{"line":249,"column":0},"end":{"line":249,"column":3}},"249":{"start":{"line":250,"column":0},"end":{"line":250,"column":2}},"250":{"start":{"line":251,"column":0},"end":{"line":251,"column":1}}},"s":{"0":1,"1":1,"2":1,"3":1,"4":1,"5":1,"6":1,"7":1,"8":1,"9":1,"10":1,"11":1,"12":1,"13":1,"14":1,"15":1,"16":1,"17":1,"18":1,"19":1,"20":1,"21":1,"22":1,"23":1,"24":1,"25":1,"26":1,"27":1,"28":0,"29":0,"30":0,"31":0,"32":1,"33":1,"34":0,"35":0,"36":0,"37":0,"38":0,"39":0,"40":0,"41":0,"42":0,"43":0,"44":0,"45":0,"46":0,"47":0,"48":0,"49":0,"50":1,"51":1,"52":0,"53":0,"54":0,"55":0,"56":0,"57":0,"58":0,"59":0,"60":0,"61":0,"62":0,"63":0,"64":0,"65":0,"66":0,"67":0,"68":0,"69":0,"70":0,"71":0,"72":0,"73":0,"74":1,"75":1,"76":0,"77":0,"78":0,"79":0,"80":0,"81":0,"82":0,"83":0,"84":0,"85":0,"86":0,"87":0,"88":0,"89":1,"90":1,"91":0,"92":0,"93":0,"94":0,"95":0,"96":0,"97":0,"98":0,"99":0,"100":0,"101":0,"102":0,"103":0,"104":0,"105":0,"106":0,"107":0,"108":0,"109":0,"110":0,"111":0,"112":0,"113":0,"114":0,"115":0,"116":0,"117":0,"118":0,"119":0,"120":0,"121":0,"122":0,"123":1,"124":1,"125":0,"126":0,"127":0,"128":0,"129":0,"130":0,"131":0,"132":0,"133":0,"134":0,"135":0,"136":0,"137":0,"138":0,"139":0,"140":0,"141":0,"142":0,"143":0,"144":0,"145":0,"146":0,"147":0,"148":0,"149":0,"150":0,"151":0,"152":0,"153":0,"154":0,"155":0,"156":0,"157":0,"158":0,"159":1,"160":0,"161":0,"162":0,"163":0,"164":0,"165":0,"166":0,"167":0,"168":0,"169":0,"170":0,"171":0,"172":0,"173":0,"174":0,"175":0,"176":0,"177":0,"178":0,"179":0,"180":0,"181":0,"182":0,"183":0,"184":0,"185":0,"186":0,"187":0,"188":0,"189":0,"190":0,"191":0,"192":0,"193":0,"194":0,"195":0,"196":1,"197":1,"198":0,"199":0,"200":0,"201":0,"202":0,"203":0,"204":0,"205":0,"206":0,"207":0,"208":0,"209":0,"210":0,"211":0,"212":0,"213":0,"214":0,"215":0,"216":0,"217":0,"218":0,"219":0,"220":0,"221":0,"222":0,"223":0,"224":0,"225":0,"226":0,"227":0,"228":0,"229":0,"230":0,"231":0,"232":0,"233":0,"234":0,"235":1,"236":1,"237":0,"238":0,"239":0,"240":0,"241":0,"242":0,"243":0,"244":0,"245":0,"246":0,"247":0,"248":0,"249":0,"250":1},"branchMap":{"0":{"type":"branch","line":251,"loc":{"start":{"line":251,"column":0},"end":{"line":251,"column":1}},"locations":[{"start":{"line":251,"column":0},"end":{"line":251,"column":1}}]}},"b":{"0":[1]},"fnMap":{"0":{"name":"PostgresGenericRepo","decl":{"start":{"line":28,"column":1},"end":{"line":32,"column":5}},"loc":{"start":{"line":28,"column":1},"end":{"line":32,"column":5}},"line":28},"1":{"name":"checkIdIsValid","decl":{"start":{"line":34,"column":1},"end":{"line":50,"column":2}},"loc":{"start":{"line":34,"column":1},"end":{"line":50,"column":2}},"line":34},"2":{"name":"exists","decl":{"start":{"line":52,"column":1},"end":{"line":74,"column":2}},"loc":{"start":{"line":52,"column":1},"end":{"line":74,"column":2}},"line":52},"3":{"name":"formattedError","decl":{"start":{"line":76,"column":1},"end":{"line":89,"column":2}},"loc":{"start":{"line":76,"column":1},"end":{"line":89,"column":2}},"line":76},"4":{"name":"getMany","decl":{"start":{"line":91,"column":1},"end":{"line":123,"column":2}},"loc":{"start":{"line":91,"column":1},"end":{"line":123,"column":2}},"line":91},"5":{"name":"getOne","decl":{"start":{"line":125,"column":1},"end":{"line":159,"column":2}},"loc":{"start":{"line":125,"column":1},"end":{"line":159,"column":2}},"line":125},"6":{"name":"create","decl":{"start":{"line":160,"column":1},"end":{"line":196,"column":2}},"loc":{"start":{"line":160,"column":1},"end":{"line":196,"column":2}},"line":160},"7":{"name":"update","decl":{"start":{"line":198,"column":1},"end":{"line":235,"column":2}},"loc":{"start":{"line":198,"column":1},"end":{"line":235,"column":2}},"line":198},"8":{"name":"delete","decl":{"start":{"line":237,"column":1},"end":{"line":251,"column":1}},"loc":{"start":{"line":237,"column":1},"end":{"line":251,"column":1}},"line":237},"9":{"name":"get","decl":{"start":{"line":251,"column":0},"end":{"line":251,"column":1}},"loc":{"start":{"line":251,"column":0},"end":{"line":251,"column":1}},"line":251}},"f":{"0":0,"1":0,"2":0,"3":0,"4":0,"5":0,"6":0,"7":0,"8":0,"9":1}}
,"D:\\Portal\\Prog\\cleanCall\\backend\\src\\infra\\frameworks\\prisma-postgres\\usecase-repos\\user-postgres-repo.ts": {"path":"D:\\Portal\\Prog\\cleanCall\\backend\\src\\infra\\frameworks\\prisma-postgres\\usecase-repos\\user-postgres-repo.ts","all":false,"statementMap":{"0":{"start":{"line":1,"column":0},"end":{"line":1,"column":46}},"1":{"start":{"line":2,"column":0},"end":{"line":2,"column":35}},"2":{"start":{"line":3,"column":0},"end":{"line":3,"column":78}},"3":{"start":{"line":4,"column":0},"end":{"line":4,"column":61}},"4":{"start":{"line":5,"column":0},"end":{"line":5,"column":72}},"5":{"start":{"line":6,"column":0},"end":{"line":6,"column":0}},"6":{"start":{"line":7,"column":0},"end":{"line":7,"column":78}},"7":{"start":{"line":8,"column":0},"end":{"line":8,"column":19}},"8":{"start":{"line":9,"column":0},"end":{"line":9,"column":48}},"9":{"start":{"line":10,"column":0},"end":{"line":10,"column":5}},"10":{"start":{"line":11,"column":0},"end":{"line":11,"column":53}},"11":{"start":{"line":12,"column":0},"end":{"line":12,"column":7}},"12":{"start":{"line":13,"column":0},"end":{"line":13,"column":62}},"13":{"start":{"line":14,"column":0},"end":{"line":14,"column":12}},"14":{"start":{"line":15,"column":0},"end":{"line":15,"column":37}},"15":{"start":{"line":16,"column":0},"end":{"line":16,"column":6}},"16":{"start":{"line":17,"column":0},"end":{"line":17,"column":5}},"17":{"start":{"line":18,"column":0},"end":{"line":18,"column":19}},"18":{"start":{"line":19,"column":0},"end":{"line":19,"column":79}},"19":{"start":{"line":20,"column":0},"end":{"line":20,"column":31}},"20":{"start":{"line":21,"column":0},"end":{"line":21,"column":24}},"21":{"start":{"line":22,"column":0},"end":{"line":22,"column":32}},"22":{"start":{"line":23,"column":0},"end":{"line":23,"column":17}},"23":{"start":{"line":24,"column":0},"end":{"line":24,"column":11}},"24":{"start":{"line":25,"column":0},"end":{"line":25,"column":16}},"25":{"start":{"line":26,"column":0},"end":{"line":26,"column":4}},"26":{"start":{"line":27,"column":0},"end":{"line":27,"column":32}},"27":{"start":{"line":28,"column":0},"end":{"line":28,"column":35}},"28":{"start":{"line":29,"column":0},"end":{"line":29,"column":3}},"29":{"start":{"line":30,"column":0},"end":{"line":30,"column":2}},"30":{"start":{"line":31,"column":0},"end":{"line":31,"column":1}}},"s":{"0":1,"1":1,"2":1,"3":1,"4":1,"5":1,"6":1,"7":1,"8":0,"9":0,"10":1,"11":0,"12":0,"13":0,"14":0,"15":0,"16":0,"17":0,"18":0,"19":0,"20":0,"21":0,"22":0,"23":0,"24":0,"25":0,"26":0,"27":0,"28":0,"29":0,"30":0},"branchMap":{},"b":{},"fnMap":{"0":{"name":"UserPostgreRepo","decl":{"start":{"line":8,"column":4},"end":{"line":10,"column":5}},"loc":{"start":{"line":8,"column":4},"end":{"line":10,"column":5}},"line":8},"1":{"name":"loginUser","decl":{"start":{"line":11,"column":4},"end":{"line":31,"column":1}},"loc":{"start":{"line":11,"column":4},"end":{"line":31,"column":1}},"line":11},"2":{"name":"get","decl":{"start":{"line":31,"column":0},"end":{"line":31,"column":1}},"loc":{"start":{"line":31,"column":0},"end":{"line":31,"column":1}},"line":31}},"f":{"0":0,"1":0,"2":0}}
,"D:\\Portal\\Prog\\cleanCall\\backend\\src\\logger\\prodLogger.ts": {"path":"D:\\Portal\\Prog\\cleanCall\\backend\\src\\logger\\prodLogger.ts","all":false,"statementMap":{"0":{"start":{"line":1,"column":0},"end":{"line":1,"column":29}},"1":{"start":{"line":2,"column":0},"end":{"line":2,"column":0}},"2":{"start":{"line":3,"column":0},"end":{"line":3,"column":34}},"3":{"start":{"line":4,"column":0},"end":{"line":4,"column":38}},"4":{"start":{"line":5,"column":0},"end":{"line":5,"column":16}},"5":{"start":{"line":6,"column":0},"end":{"line":6,"column":33}},"6":{"start":{"line":7,"column":0},"end":{"line":7,"column":30}},"7":{"start":{"line":8,"column":0},"end":{"line":8,"column":26}},"8":{"start":{"line":9,"column":0},"end":{"line":9,"column":16}},"9":{"start":{"line":10,"column":0},"end":{"line":10,"column":6}},"10":{"start":{"line":11,"column":0},"end":{"line":11,"column":32}},"11":{"start":{"line":12,"column":0},"end":{"line":12,"column":25}},"12":{"start":{"line":13,"column":0},"end":{"line":13,"column":4}},"13":{"start":{"line":14,"column":0},"end":{"line":14,"column":47}},"14":{"start":{"line":15,"column":0},"end":{"line":15,"column":15}},"15":{"start":{"line":16,"column":0},"end":{"line":16,"column":32}},"16":{"start":{"line":17,"column":0},"end":{"line":17,"column":29}},"17":{"start":{"line":18,"column":0},"end":{"line":18,"column":19}},"18":{"start":{"line":19,"column":0},"end":{"line":19,"column":6}},"19":{"start":{"line":20,"column":0},"end":{"line":20,"column":32}},"20":{"start":{"line":21,"column":0},"end":{"line":21,"column":31}},"21":{"start":{"line":22,"column":0},"end":{"line":22,"column":18}},"22":{"start":{"line":23,"column":0},"end":{"line":23,"column":6}},"23":{"start":{"line":24,"column":0},"end":{"line":24,"column":36}},"24":{"start":{"line":25,"column":0},"end":{"line":25,"column":4}},"25":{"start":{"line":26,"column":0},"end":{"line":26,"column":3}},"26":{"start":{"line":27,"column":0},"end":{"line":27,"column":0}},"27":{"start":{"line":28,"column":0},"end":{"line":28,"column":17}},"28":{"start":{"line":29,"column":0},"end":{"line":29,"column":1}}},"s":{"0":1,"1":1,"2":1,"3":1,"4":1,"5":1,"6":1,"7":1,"8":1,"9":1,"10":1,"11":1,"12":1,"13":1,"14":1,"15":1,"16":1,"17":1,"18":1,"19":1,"20":1,"21":1,"22":1,"23":1,"24":1,"25":1,"26":1,"27":1,"28":1},"branchMap":{"0":{"type":"branch","line":3,"loc":{"start":{"line":3,"column":27},"end":{"line":29,"column":1}},"locations":[{"start":{"line":3,"column":27},"end":{"line":29,"column":1}}]},"1":{"type":"branch","line":29,"loc":{"start":{"line":29,"column":0},"end":{"line":29,"column":1}},"locations":[{"start":{"line":29,"column":0},"end":{"line":29,"column":1}}]}},"b":{"0":[1],"1":[1]},"fnMap":{"0":{"name":"buildLogger","decl":{"start":{"line":3,"column":27},"end":{"line":29,"column":1}},"loc":{"start":{"line":3,"column":27},"end":{"line":29,"column":1}},"line":3},"1":{"name":"get","decl":{"start":{"line":29,"column":0},"end":{"line":29,"column":1}},"loc":{"start":{"line":29,"column":0},"end":{"line":29,"column":1}},"line":29}},"f":{"0":1,"1":1}}
}
